2018-10-25 01:36:55.282  INFO 196 --- [restartedMain] com.xd.WaterApplication                  : Starting WaterApplication on DESKTOP-U7815GB with PID 196 (C:\Users\xiaoduan\IdeaProjects\water\target\classes started by xiaoduan in C:\Users\xiaoduan\IdeaProjects\water)
2018-10-25 01:36:55.283  INFO 196 --- [restartedMain] com.xd.WaterApplication                  : No active profile set, falling back to default profiles: default
2018-10-25 01:36:55.285  INFO 196 --- [restartedMain] ConfigServletWebServerApplicationContext : Refreshing org.springframework.boot.web.servlet.context.AnnotationConfigServletWebServerApplicationContext@881e961: startup date [Thu Oct 25 01:36:55 CST 2018]; root of context hierarchy
2018-10-25 01:36:55.725  INFO 196 --- [restartedMain] o.s.b.w.embedded.tomcat.TomcatWebServer  : Tomcat initialized with port(s): 8080 (http)
2018-10-25 01:36:55.727  INFO 196 --- [restartedMain] o.apache.catalina.core.StandardService   : Starting service [Tomcat]
2018-10-25 01:36:55.727  INFO 196 --- [restartedMain] org.apache.catalina.core.StandardEngine  : Starting Servlet Engine: Apache Tomcat/8.5.34
2018-10-25 01:36:55.761  INFO 196 --- [localhost-startStop-1] o.a.c.c.C.[Tomcat-7].[localhost].[/]     : Initializing Spring embedded WebApplicationContext
2018-10-25 01:36:55.768  INFO 196 --- [localhost-startStop-1] o.s.web.context.ContextLoader            : Root WebApplicationContext: initialization completed in 483 ms
2018-10-25 01:36:55.782  INFO 196 --- [localhost-startStop-1] o.s.b.w.servlet.ServletRegistrationBean  : Servlet dispatcherServlet mapped to [/]
2018-10-25 01:36:55.782  INFO 196 --- [localhost-startStop-1] o.s.b.w.servlet.FilterRegistrationBean   : Mapping filter: 'characterEncodingFilter' to: [/*]
2018-10-25 01:36:55.782  INFO 196 --- [localhost-startStop-1] o.s.b.w.servlet.FilterRegistrationBean   : Mapping filter: 'hiddenHttpMethodFilter' to: [/*]
2018-10-25 01:36:55.782  INFO 196 --- [localhost-startStop-1] o.s.b.w.servlet.FilterRegistrationBean   : Mapping filter: 'httpPutFormContentFilter' to: [/*]
2018-10-25 01:36:55.782  INFO 196 --- [localhost-startStop-1] o.s.b.w.servlet.FilterRegistrationBean   : Mapping filter: 'requestContextFilter' to: [/*]
2018-10-25 01:36:56.018  INFO 196 --- [restartedMain] o.s.w.s.handler.SimpleUrlHandlerMapping  : Mapped URL path [/**/favicon.ico] onto handler of type [class org.springframework.web.servlet.resource.ResourceHttpRequestHandler]
2018-10-25 01:36:56.041  INFO 196 --- [restartedMain] s.w.s.m.m.a.RequestMappingHandlerAdapter : Looking for @ControllerAdvice: org.springframework.boot.web.servlet.context.AnnotationConfigServletWebServerApplicationContext@881e961: startup date [Thu Oct 25 01:36:55 CST 2018]; root of context hierarchy
2018-10-25 01:36:56.046  INFO 196 --- [restartedMain] s.w.s.m.m.a.RequestMappingHandlerMapping : Mapped "{[/syArea/insert]}" onto public java.lang.String com.xd.controller.SyAreaController.insert(com.xd.entity.SyArea,java.util.Map<java.lang.String, java.lang.Object>)
2018-10-25 01:36:56.047  INFO 196 --- [restartedMain] s.w.s.m.m.a.RequestMappingHandlerMapping : Mapped "{[/syArea/update]}" onto public java.lang.String com.xd.controller.SyAreaController.updateByPrimaryKeySelective(com.xd.entity.SyArea,java.util.Map<java.lang.String, java.lang.Object>)
2018-10-25 01:36:56.047  INFO 196 --- [restartedMain] s.w.s.m.m.a.RequestMappingHandlerMapping : Mapped "{[/syArea/selectById]}" onto public java.lang.String com.xd.controller.SyAreaController.selectById(java.lang.Integer,java.util.Map<java.lang.String, java.lang.Object>)
2018-10-25 01:36:56.047  INFO 196 --- [restartedMain] s.w.s.m.m.a.RequestMappingHandlerMapping : Mapped "{[/syArea/updateDel]}" onto public org.springframework.web.servlet.ModelAndView com.xd.controller.SyAreaController.updateDel(com.xd.entity.SyArea)
2018-10-25 01:36:56.047  INFO 196 --- [restartedMain] s.w.s.m.m.a.RequestMappingHandlerMapping : Mapped "{[/syArea/selectAll]}" onto public java.lang.String com.xd.controller.SyAreaController.selectAll(java.util.Map<java.lang.String, java.lang.Object>)
2018-10-25 01:36:56.048  INFO 196 --- [restartedMain] s.w.s.m.m.a.RequestMappingHandlerMapping : Mapped "{[/syDept/update]}" onto public java.lang.String com.xd.controller.SyDeptController.update(com.xd.entity.SyDept,java.util.Map<java.lang.String, java.lang.Object>)
2018-10-25 01:36:56.048  INFO 196 --- [restartedMain] s.w.s.m.m.a.RequestMappingHandlerMapping : Mapped "{[/syDept/insert]}" onto public java.lang.String com.xd.controller.SyDeptController.insert(com.xd.entity.SyDept,java.util.Map<java.lang.String, java.lang.Object>)
2018-10-25 01:36:56.048  INFO 196 --- [restartedMain] s.w.s.m.m.a.RequestMappingHandlerMapping : Mapped "{[/syDept/selectById]}" onto public java.lang.String com.xd.controller.SyDeptController.selectById(java.lang.Integer,java.util.Map<java.lang.String, java.lang.Object>)
2018-10-25 01:36:56.048  INFO 196 --- [restartedMain] s.w.s.m.m.a.RequestMappingHandlerMapping : Mapped "{[/syDept/updateDel]}" onto public org.springframework.web.servlet.ModelAndView com.xd.controller.SyDeptController.updateDel(com.xd.entity.SyDept)
2018-10-25 01:36:56.048  INFO 196 --- [restartedMain] s.w.s.m.m.a.RequestMappingHandlerMapping : Mapped "{[/syDept/selectAll]}" onto public java.lang.String com.xd.controller.SyDeptController.selectAll(java.util.Map<java.lang.String, java.lang.Object>)
2018-10-25 01:36:56.048  INFO 196 --- [restartedMain] s.w.s.m.m.a.RequestMappingHandlerMapping : Mapped "{[/syEmp/login]}" onto public java.lang.String com.xd.controller.SyEmpController.login(com.xd.entity.SyEmp,java.util.Map<java.lang.String, java.lang.Object>,javax.servlet.http.HttpServletRequest)
2018-10-25 01:36:56.049  INFO 196 --- [restartedMain] s.w.s.m.m.a.RequestMappingHandlerMapping : Mapped "{[/syEmp/loginOut]}" onto public org.springframework.web.servlet.ModelAndView com.xd.controller.SyEmpController.loginOut(javax.servlet.http.HttpServletRequest)
2018-10-25 01:36:56.049  INFO 196 --- [restartedMain] s.w.s.m.m.a.RequestMappingHandlerMapping : Mapped "{[/syEmp/updatePwd]}" onto public java.lang.String com.xd.controller.SyEmpController.updatePwd(javax.servlet.http.HttpServletRequest,com.xd.entity.SyEmp,java.util.Map<java.lang.String, java.lang.Object>,java.lang.String) throws java.lang.Exception
2018-10-25 01:36:56.050  INFO 196 --- [restartedMain] s.w.s.m.m.a.RequestMappingHandlerMapping : Mapped "{[/syMetertype/update]}" onto public java.lang.String com.xd.controller.SyMetertypeController.update(com.xd.entity.SyMetertype,java.util.Map<java.lang.String, java.lang.Object>)
2018-10-25 01:36:56.050  INFO 196 --- [restartedMain] s.w.s.m.m.a.RequestMappingHandlerMapping : Mapped "{[/syMetertype/insert]}" onto public java.lang.String com.xd.controller.SyMetertypeController.insert(com.xd.entity.SyMetertype,java.util.Map<java.lang.String, java.lang.Object>)
2018-10-25 01:36:56.050  INFO 196 --- [restartedMain] s.w.s.m.m.a.RequestMappingHandlerMapping : Mapped "{[/syMetertype/selectById]}" onto public java.lang.String com.xd.controller.SyMetertypeController.selectById(java.lang.Integer,java.util.Map<java.lang.String, java.lang.Object>)
2018-10-25 01:36:56.050  INFO 196 --- [restartedMain] s.w.s.m.m.a.RequestMappingHandlerMapping : Mapped "{[/syMetertype/updateDel]}" onto public org.springframework.web.servlet.ModelAndView com.xd.controller.SyMetertypeController.updateDel(com.xd.entity.SyMetertype)
2018-10-25 01:36:56.051  INFO 196 --- [restartedMain] s.w.s.m.m.a.RequestMappingHandlerMapping : Mapped "{[/syMetertype/selectAll]}" onto public java.lang.String com.xd.controller.SyMetertypeController.selectAll(java.util.Map<java.lang.String, java.lang.Object>)
2018-10-25 01:36:56.051  INFO 196 --- [restartedMain] s.w.s.m.m.a.RequestMappingHandlerMapping : Mapped "{[/templates]}" onto public java.lang.String com.xd.controller.TemplatesController.templates(java.lang.String)
2018-10-25 01:36:56.052  INFO 196 --- [restartedMain] s.w.s.m.m.a.RequestMappingHandlerMapping : Mapped "{[/error]}" onto public org.springframework.http.ResponseEntity<java.util.Map<java.lang.String, java.lang.Object>> org.springframework.boot.autoconfigure.web.servlet.error.BasicErrorController.error(javax.servlet.http.HttpServletRequest)
2018-10-25 01:36:56.052  INFO 196 --- [restartedMain] s.w.s.m.m.a.RequestMappingHandlerMapping : Mapped "{[/error],produces=[text/html]}" onto public org.springframework.web.servlet.ModelAndView org.springframework.boot.autoconfigure.web.servlet.error.BasicErrorController.errorHtml(javax.servlet.http.HttpServletRequest,javax.servlet.http.HttpServletResponse)
2018-10-25 01:36:56.055  INFO 196 --- [restartedMain] o.s.w.s.handler.SimpleUrlHandlerMapping  : Mapped URL path [/index.html] onto handler of type [class org.springframework.web.servlet.mvc.ParameterizableViewController]
2018-10-25 01:36:56.057  INFO 196 --- [restartedMain] o.s.w.s.handler.SimpleUrlHandlerMapping  : Mapped URL path [/webjars/**] onto handler of type [class org.springframework.web.servlet.resource.ResourceHttpRequestHandler]
2018-10-25 01:36:56.057  INFO 196 --- [restartedMain] o.s.w.s.handler.SimpleUrlHandlerMapping  : Mapped URL path [/static/**] onto handler of type [class org.springframework.web.servlet.resource.ResourceHttpRequestHandler]
2018-10-25 01:36:56.072  INFO 196 --- [restartedMain] o.s.b.a.w.s.WelcomePageHandlerMapping    : Adding welcome page template: index
2018-10-25 01:36:56.155  INFO 196 --- [restartedMain] o.s.b.d.a.OptionalLiveReloadServer       : LiveReload server is running on port 35729
2018-10-25 01:36:56.168  INFO 196 --- [restartedMain] o.s.j.e.a.AnnotationMBeanExporter        : Registering beans for JMX exposure on startup
2018-10-25 01:36:56.168  INFO 196 --- [restartedMain] o.s.j.e.a.AnnotationMBeanExporter        : Bean with name 'getDataSource' has been autodetected for JMX exposure
2018-10-25 01:36:56.170  INFO 196 --- [restartedMain] o.s.j.e.a.AnnotationMBeanExporter        : Located MBean 'getDataSource': registering with JMX server as MBean [com.alibaba.druid.pool:name=getDataSource,type=DruidDataSource]
2018-10-25 01:36:56.176  INFO 196 --- [restartedMain] o.s.b.w.embedded.tomcat.TomcatWebServer  : Tomcat started on port(s): 8080 (http) with context path ''
2018-10-25 01:36:56.176  INFO 196 --- [restartedMain] com.xd.WaterApplication                  : Started WaterApplication in 1.045 seconds (JVM running for 4266.155)
2018-10-25 01:36:56.177  INFO 196 --- [restartedMain] .ConditionEvaluationDeltaLoggingListener : Condition evaluation unchanged
2018-10-25 01:37:20.066  INFO 196 --- [http-nio-8080-exec-1] o.a.c.c.C.[Tomcat-7].[localhost].[/]     : Initializing Spring FrameworkServlet 'dispatcherServlet'
2018-10-25 01:37:20.066  INFO 196 --- [http-nio-8080-exec-1] o.s.web.servlet.DispatcherServlet        : FrameworkServlet 'dispatcherServlet': initialization started
2018-10-25 01:37:20.069  INFO 196 --- [http-nio-8080-exec-1] o.s.web.servlet.DispatcherServlet        : FrameworkServlet 'dispatcherServlet': initialization completed in 3 ms
2018-10-25 01:37:29.554  INFO 196 --- [http-nio-8080-exec-2] com.alibaba.druid.pool.DruidDataSource   : {dataSource-26} inited
2018-10-25 01:37:29.555 DEBUG 196 --- [http-nio-8080-exec-2] com.xd.mapper.SyEmpMapper.login          : ==>  Preparing: select e.ID, EmpName, EmpNo, Pwd, DeptID, Remark, e.Disabled, m.ID 'mid', MenuName, Parent, Url, OnClick, Icon, OrderIndex, FlowID, m.Disabled 'mdisabled' from sy_emp e left join SY_EmpMenuPower em on e.ID = em.EmpID left join sy_menu m on em.MenuID = m.ID where EmpNo = ? and Pwd=? and (e.Disabled = 0 or e.Disabled is null ) 
2018-10-25 01:37:29.555 DEBUG 196 --- [http-nio-8080-exec-2] com.xd.mapper.SyEmpMapper.login          : ==> Parameters: X001(String), 968e396310d1d87fec5934f0eddc81d7(String)
2018-10-25 01:37:29.557 DEBUG 196 --- [http-nio-8080-exec-2] com.xd.mapper.SyEmpMapper.login          : <==      Total: 10
2018-10-25 01:39:37.702  INFO 196 --- [Thread-665] ConfigServletWebServerApplicationContext : Closing org.springframework.boot.web.servlet.context.AnnotationConfigServletWebServerApplicationContext@881e961: startup date [Thu Oct 25 01:36:55 CST 2018]; root of context hierarchy
2018-10-25 01:39:37.703  INFO 196 --- [Thread-665] o.s.j.e.a.AnnotationMBeanExporter        : Unregistering JMX-exposed beans on shutdown
2018-10-25 01:39:37.705  INFO 196 --- [Thread-665] o.s.j.e.a.AnnotationMBeanExporter        : Unregistering JMX-exposed beans
2018-10-25 01:39:37.709  INFO 196 --- [Thread-665] com.alibaba.druid.pool.DruidDataSource   : {dataSource-26} closed
2018-10-25 01:41:18.134  INFO 196 --- [restartedMain] com.xd.WaterApplication                  : Starting WaterApplication on DESKTOP-U7815GB with PID 196 (C:\Users\xiaoduan\IdeaProjects\water\target\classes started by xiaoduan in C:\Users\xiaoduan\IdeaProjects\water)
2018-10-25 01:41:18.134  INFO 196 --- [restartedMain] com.xd.WaterApplication                  : No active profile set, falling back to default profiles: default
2018-10-25 01:41:18.137  INFO 196 --- [restartedMain] ConfigServletWebServerApplicationContext : Refreshing org.springframework.boot.web.servlet.context.AnnotationConfigServletWebServerApplicationContext@574734d8: startup date [Thu Oct 25 01:41:18 CST 2018]; root of context hierarchy
2018-10-25 01:41:18.722  INFO 196 --- [restartedMain] o.s.b.w.embedded.tomcat.TomcatWebServer  : Tomcat initialized with port(s): 8080 (http)
2018-10-25 01:41:18.722  INFO 196 --- [restartedMain] o.apache.catalina.core.StandardService   : Starting service [Tomcat]
2018-10-25 01:41:18.722  INFO 196 --- [restartedMain] org.apache.catalina.core.StandardEngine  : Starting Servlet Engine: Apache Tomcat/8.5.34
2018-10-25 01:41:18.734  INFO 196 --- [localhost-startStop-1] o.a.c.c.C.[Tomcat-7].[localhost].[/]     : Initializing Spring embedded WebApplicationContext
2018-10-25 01:41:18.735  INFO 196 --- [localhost-startStop-1] o.s.web.context.ContextLoader            : Root WebApplicationContext: initialization completed in 598 ms
2018-10-25 01:41:18.742  INFO 196 --- [localhost-startStop-1] o.s.b.w.servlet.ServletRegistrationBean  : Servlet dispatcherServlet mapped to [/]
2018-10-25 01:41:18.742  INFO 196 --- [localhost-startStop-1] o.s.b.w.servlet.FilterRegistrationBean   : Mapping filter: 'characterEncodingFilter' to: [/*]
2018-10-25 01:41:18.742  INFO 196 --- [localhost-startStop-1] o.s.b.w.servlet.FilterRegistrationBean   : Mapping filter: 'hiddenHttpMethodFilter' to: [/*]
2018-10-25 01:41:18.742  INFO 196 --- [localhost-startStop-1] o.s.b.w.servlet.FilterRegistrationBean   : Mapping filter: 'httpPutFormContentFilter' to: [/*]
2018-10-25 01:41:18.742  INFO 196 --- [localhost-startStop-1] o.s.b.w.servlet.FilterRegistrationBean   : Mapping filter: 'requestContextFilter' to: [/*]
2018-10-25 01:41:18.871  INFO 196 --- [restartedMain] o.s.w.s.handler.SimpleUrlHandlerMapping  : Mapped URL path [/**/favicon.ico] onto handler of type [class org.springframework.web.servlet.resource.ResourceHttpRequestHandler]
2018-10-25 01:41:18.900  INFO 196 --- [restartedMain] s.w.s.m.m.a.RequestMappingHandlerAdapter : Looking for @ControllerAdvice: org.springframework.boot.web.servlet.context.AnnotationConfigServletWebServerApplicationContext@574734d8: startup date [Thu Oct 25 01:41:18 CST 2018]; root of context hierarchy
2018-10-25 01:41:18.907  INFO 196 --- [restartedMain] s.w.s.m.m.a.RequestMappingHandlerMapping : Mapped "{[/syArea/insert]}" onto public java.lang.String com.xd.controller.SyAreaController.insert(com.xd.entity.SyArea,java.util.Map<java.lang.String, java.lang.Object>)
2018-10-25 01:41:18.908  INFO 196 --- [restartedMain] s.w.s.m.m.a.RequestMappingHandlerMapping : Mapped "{[/syArea/update]}" onto public java.lang.String com.xd.controller.SyAreaController.updateByPrimaryKeySelective(com.xd.entity.SyArea,java.util.Map<java.lang.String, java.lang.Object>)
2018-10-25 01:41:18.908  INFO 196 --- [restartedMain] s.w.s.m.m.a.RequestMappingHandlerMapping : Mapped "{[/syArea/selectById]}" onto public java.lang.String com.xd.controller.SyAreaController.selectById(java.lang.Integer,java.util.Map<java.lang.String, java.lang.Object>)
2018-10-25 01:41:18.908  INFO 196 --- [restartedMain] s.w.s.m.m.a.RequestMappingHandlerMapping : Mapped "{[/syArea/updateDel]}" onto public org.springframework.web.servlet.ModelAndView com.xd.controller.SyAreaController.updateDel(com.xd.entity.SyArea)
2018-10-25 01:41:18.908  INFO 196 --- [restartedMain] s.w.s.m.m.a.RequestMappingHandlerMapping : Mapped "{[/syArea/selectAll]}" onto public java.lang.String com.xd.controller.SyAreaController.selectAll(java.util.Map<java.lang.String, java.lang.Object>)
2018-10-25 01:41:18.908  INFO 196 --- [restartedMain] s.w.s.m.m.a.RequestMappingHandlerMapping : Mapped "{[/syDept/update]}" onto public java.lang.String com.xd.controller.SyDeptController.update(com.xd.entity.SyDept,java.util.Map<java.lang.String, java.lang.Object>)
2018-10-25 01:41:18.908  INFO 196 --- [restartedMain] s.w.s.m.m.a.RequestMappingHandlerMapping : Mapped "{[/syDept/insert]}" onto public java.lang.String com.xd.controller.SyDeptController.insert(com.xd.entity.SyDept,java.util.Map<java.lang.String, java.lang.Object>)
2018-10-25 01:41:18.908  INFO 196 --- [restartedMain] s.w.s.m.m.a.RequestMappingHandlerMapping : Mapped "{[/syDept/selectById]}" onto public java.lang.String com.xd.controller.SyDeptController.selectById(java.lang.Integer,java.util.Map<java.lang.String, java.lang.Object>)
2018-10-25 01:41:18.908  INFO 196 --- [restartedMain] s.w.s.m.m.a.RequestMappingHandlerMapping : Mapped "{[/syDept/updateDel]}" onto public org.springframework.web.servlet.ModelAndView com.xd.controller.SyDeptController.updateDel(com.xd.entity.SyDept)
2018-10-25 01:41:18.908  INFO 196 --- [restartedMain] s.w.s.m.m.a.RequestMappingHandlerMapping : Mapped "{[/syDept/selectAll]}" onto public java.lang.String com.xd.controller.SyDeptController.selectAll(java.util.Map<java.lang.String, java.lang.Object>)
2018-10-25 01:41:18.909  INFO 196 --- [restartedMain] s.w.s.m.m.a.RequestMappingHandlerMapping : Mapped "{[/syEmp/login]}" onto public java.lang.String com.xd.controller.SyEmpController.login(com.xd.entity.SyEmp,java.util.Map<java.lang.String, java.lang.Object>,javax.servlet.http.HttpServletRequest)
2018-10-25 01:41:18.909  INFO 196 --- [restartedMain] s.w.s.m.m.a.RequestMappingHandlerMapping : Mapped "{[/syEmp/loginOut]}" onto public org.springframework.web.servlet.ModelAndView com.xd.controller.SyEmpController.loginOut(javax.servlet.http.HttpServletRequest)
2018-10-25 01:41:18.911  INFO 196 --- [restartedMain] s.w.s.m.m.a.RequestMappingHandlerMapping : Mapped "{[/syEmp/updatePwd]}" onto public java.lang.String com.xd.controller.SyEmpController.updatePwd(javax.servlet.http.HttpServletRequest,com.xd.entity.SyEmp,java.util.Map<java.lang.String, java.lang.Object>,java.lang.String) throws java.lang.Exception
2018-10-25 01:41:18.912  INFO 196 --- [restartedMain] s.w.s.m.m.a.RequestMappingHandlerMapping : Mapped "{[/syMetertype/update]}" onto public java.lang.String com.xd.controller.SyMetertypeController.update(com.xd.entity.SyMetertype,java.util.Map<java.lang.String, java.lang.Object>)
2018-10-25 01:41:18.912  INFO 196 --- [restartedMain] s.w.s.m.m.a.RequestMappingHandlerMapping : Mapped "{[/syMetertype/insert]}" onto public java.lang.String com.xd.controller.SyMetertypeController.insert(com.xd.entity.SyMetertype,java.util.Map<java.lang.String, java.lang.Object>)
2018-10-25 01:41:18.912  INFO 196 --- [restartedMain] s.w.s.m.m.a.RequestMappingHandlerMapping : Mapped "{[/syMetertype/selectById]}" onto public java.lang.String com.xd.controller.SyMetertypeController.selectById(java.lang.Integer,java.util.Map<java.lang.String, java.lang.Object>)
2018-10-25 01:41:18.912  INFO 196 --- [restartedMain] s.w.s.m.m.a.RequestMappingHandlerMapping : Mapped "{[/syMetertype/updateDel]}" onto public org.springframework.web.servlet.ModelAndView com.xd.controller.SyMetertypeController.updateDel(com.xd.entity.SyMetertype)
2018-10-25 01:41:18.913  INFO 196 --- [restartedMain] s.w.s.m.m.a.RequestMappingHandlerMapping : Mapped "{[/syMetertype/selectAll]}" onto public java.lang.String com.xd.controller.SyMetertypeController.selectAll(java.util.Map<java.lang.String, java.lang.Object>)
2018-10-25 01:41:18.913  INFO 196 --- [restartedMain] s.w.s.m.m.a.RequestMappingHandlerMapping : Mapped "{[/templates]}" onto public java.lang.String com.xd.controller.TemplatesController.templates(java.lang.String)
2018-10-25 01:41:18.914  INFO 196 --- [restartedMain] s.w.s.m.m.a.RequestMappingHandlerMapping : Mapped "{[/error]}" onto public org.springframework.http.ResponseEntity<java.util.Map<java.lang.String, java.lang.Object>> org.springframework.boot.autoconfigure.web.servlet.error.BasicErrorController.error(javax.servlet.http.HttpServletRequest)
2018-10-25 01:41:18.915  INFO 196 --- [restartedMain] s.w.s.m.m.a.RequestMappingHandlerMapping : Mapped "{[/error],produces=[text/html]}" onto public org.springframework.web.servlet.ModelAndView org.springframework.boot.autoconfigure.web.servlet.error.BasicErrorController.errorHtml(javax.servlet.http.HttpServletRequest,javax.servlet.http.HttpServletResponse)
2018-10-25 01:41:18.919  INFO 196 --- [restartedMain] o.s.w.s.handler.SimpleUrlHandlerMapping  : Mapped URL path [/index.html] onto handler of type [class org.springframework.web.servlet.mvc.ParameterizableViewController]
2018-10-25 01:41:18.922  INFO 196 --- [restartedMain] o.s.w.s.handler.SimpleUrlHandlerMapping  : Mapped URL path [/webjars/**] onto handler of type [class org.springframework.web.servlet.resource.ResourceHttpRequestHandler]
2018-10-25 01:41:18.922  INFO 196 --- [restartedMain] o.s.w.s.handler.SimpleUrlHandlerMapping  : Mapped URL path [/static/**] onto handler of type [class org.springframework.web.servlet.resource.ResourceHttpRequestHandler]
2018-10-25 01:41:18.945  INFO 196 --- [restartedMain] o.s.b.a.w.s.WelcomePageHandlerMapping    : Adding welcome page template: index
2018-10-25 01:41:19.065  INFO 196 --- [restartedMain] o.s.b.d.a.OptionalLiveReloadServer       : LiveReload server is running on port 35729
2018-10-25 01:41:19.083  INFO 196 --- [restartedMain] o.s.j.e.a.AnnotationMBeanExporter        : Registering beans for JMX exposure on startup
2018-10-25 01:41:19.083  INFO 196 --- [restartedMain] o.s.j.e.a.AnnotationMBeanExporter        : Bean with name 'getDataSource' has been autodetected for JMX exposure
2018-10-25 01:41:19.089  INFO 196 --- [restartedMain] o.s.j.e.a.AnnotationMBeanExporter        : Located MBean 'getDataSource': registering with JMX server as MBean [com.alibaba.druid.pool:name=getDataSource,type=DruidDataSource]
2018-10-25 01:41:19.100  INFO 196 --- [restartedMain] o.s.b.w.embedded.tomcat.TomcatWebServer  : Tomcat started on port(s): 8080 (http) with context path ''
2018-10-25 01:41:19.101  INFO 196 --- [restartedMain] com.xd.WaterApplication                  : Started WaterApplication in 1.001 seconds (JVM running for 4529.08)
2018-10-25 01:41:19.104  INFO 196 --- [restartedMain] .ConditionEvaluationDeltaLoggingListener : Condition evaluation unchanged
2018-10-25 01:41:55.259  INFO 196 --- [http-nio-8080-exec-1] o.a.c.c.C.[Tomcat-7].[localhost].[/]     : Initializing Spring FrameworkServlet 'dispatcherServlet'
2018-10-25 01:41:55.259  INFO 196 --- [http-nio-8080-exec-1] o.s.web.servlet.DispatcherServlet        : FrameworkServlet 'dispatcherServlet': initialization started
2018-10-25 01:41:55.263  INFO 196 --- [http-nio-8080-exec-1] o.s.web.servlet.DispatcherServlet        : FrameworkServlet 'dispatcherServlet': initialization completed in 4 ms
2018-10-25 01:42:22.932  INFO 196 --- [http-nio-8080-exec-4] com.alibaba.druid.pool.DruidDataSource   : {dataSource-28} inited
2018-10-25 01:42:22.932 DEBUG 196 --- [http-nio-8080-exec-4] com.xd.mapper.SyEmpMapper.login          : ==>  Preparing: select e.ID, EmpName, EmpNo, Pwd, DeptID, Remark, e.Disabled, m.ID 'mid', MenuName, Parent, Url, OnClick, Icon, OrderIndex, FlowID, m.Disabled 'mdisabled' from sy_emp e left join SY_EmpMenuPower em on e.ID = em.EmpID left join sy_menu m on em.MenuID = m.ID where EmpNo = ? and Pwd=? and (e.Disabled = 0 or e.Disabled is null ) 
2018-10-25 01:42:22.933 DEBUG 196 --- [http-nio-8080-exec-4] com.xd.mapper.SyEmpMapper.login          : ==> Parameters: X001(String), 968e396310d1d87fec5934f0eddc81d7(String)
2018-10-25 01:42:22.936 DEBUG 196 --- [http-nio-8080-exec-4] com.xd.mapper.SyEmpMapper.login          : <==      Total: 10
2018-10-25 01:43:58.053  INFO 196 --- [Thread-683] ConfigServletWebServerApplicationContext : Closing org.springframework.boot.web.servlet.context.AnnotationConfigServletWebServerApplicationContext@574734d8: startup date [Thu Oct 25 01:41:18 CST 2018]; root of context hierarchy
2018-10-25 01:43:58.055  INFO 196 --- [Thread-683] o.s.j.e.a.AnnotationMBeanExporter        : Unregistering JMX-exposed beans on shutdown
2018-10-25 01:43:58.056  INFO 196 --- [Thread-683] o.s.j.e.a.AnnotationMBeanExporter        : Unregistering JMX-exposed beans
2018-10-25 01:43:58.060  INFO 196 --- [Thread-683] com.alibaba.druid.pool.DruidDataSource   : {dataSource-28} closed
2018-10-25 01:43:59.063 ERROR 196 --- [restartedMain] o.s.boot.SpringApplication               : Application run failed

java.lang.IllegalStateException: Failed to load property source from location 'classpath:/application.yml'
	at org.springframework.boot.context.config.ConfigFileApplicationListener$Loader.load(ConfigFileApplicationListener.java:552) ~[spring-boot-2.0.5.RELEASE.jar:2.0.5.RELEASE]
	at org.springframework.boot.context.config.ConfigFileApplicationListener$Loader.loadForFileExtension(ConfigFileApplicationListener.java:503) ~[spring-boot-2.0.5.RELEASE.jar:2.0.5.RELEASE]
	at org.springframework.boot.context.config.ConfigFileApplicationListener$Loader.load(ConfigFileApplicationListener.java:470) ~[spring-boot-2.0.5.RELEASE.jar:2.0.5.RELEASE]
	at org.springframework.boot.context.config.ConfigFileApplicationListener$Loader.lambda$null$6(ConfigFileApplicationListener.java:451) ~[spring-boot-2.0.5.RELEASE.jar:2.0.5.RELEASE]
	at java.lang.Iterable.forEach(Iterable.java:75) ~[na:1.8.0_181]
	at org.springframework.boot.context.config.ConfigFileApplicationListener$Loader.lambda$load$7(ConfigFileApplicationListener.java:450) ~[spring-boot-2.0.5.RELEASE.jar:2.0.5.RELEASE]
	at java.lang.Iterable.forEach(Iterable.java:75) ~[na:1.8.0_181]
	at org.springframework.boot.context.config.ConfigFileApplicationListener$Loader.load(ConfigFileApplicationListener.java:447) ~[spring-boot-2.0.5.RELEASE.jar:2.0.5.RELEASE]
	at org.springframework.boot.context.config.ConfigFileApplicationListener$Loader.load(ConfigFileApplicationListener.java:336) ~[spring-boot-2.0.5.RELEASE.jar:2.0.5.RELEASE]
	at org.springframework.boot.context.config.ConfigFileApplicationListener.addPropertySources(ConfigFileApplicationListener.java:215) ~[spring-boot-2.0.5.RELEASE.jar:2.0.5.RELEASE]
	at org.springframework.boot.context.config.ConfigFileApplicationListener.postProcessEnvironment(ConfigFileApplicationListener.java:198) ~[spring-boot-2.0.5.RELEASE.jar:2.0.5.RELEASE]
	at org.springframework.boot.context.config.ConfigFileApplicationListener.onApplicationEnvironmentPreparedEvent(ConfigFileApplicationListener.java:185) ~[spring-boot-2.0.5.RELEASE.jar:2.0.5.RELEASE]
	at org.springframework.boot.context.config.ConfigFileApplicationListener.onApplicationEvent(ConfigFileApplicationListener.java:171) ~[spring-boot-2.0.5.RELEASE.jar:2.0.5.RELEASE]
	at org.springframework.context.event.SimpleApplicationEventMulticaster.doInvokeListener(SimpleApplicationEventMulticaster.java:172) ~[spring-context-5.0.9.RELEASE.jar:5.0.9.RELEASE]
	at org.springframework.context.event.SimpleApplicationEventMulticaster.invokeListener(SimpleApplicationEventMulticaster.java:165) ~[spring-context-5.0.9.RELEASE.jar:5.0.9.RELEASE]
	at org.springframework.context.event.SimpleApplicationEventMulticaster.multicastEvent(SimpleApplicationEventMulticaster.java:139) ~[spring-context-5.0.9.RELEASE.jar:5.0.9.RELEASE]
	at org.springframework.context.event.SimpleApplicationEventMulticaster.multicastEvent(SimpleApplicationEventMulticaster.java:127) ~[spring-context-5.0.9.RELEASE.jar:5.0.9.RELEASE]
	at org.springframework.boot.context.event.EventPublishingRunListener.environmentPrepared(EventPublishingRunListener.java:74) ~[spring-boot-2.0.5.RELEASE.jar:2.0.5.RELEASE]
	at org.springframework.boot.SpringApplicationRunListeners.environmentPrepared(SpringApplicationRunListeners.java:54) ~[spring-boot-2.0.5.RELEASE.jar:2.0.5.RELEASE]
	at org.springframework.boot.SpringApplication.prepareEnvironment(SpringApplication.java:364) [spring-boot-2.0.5.RELEASE.jar:2.0.5.RELEASE]
	at org.springframework.boot.SpringApplication.run(SpringApplication.java:323) [spring-boot-2.0.5.RELEASE.jar:2.0.5.RELEASE]
	at org.springframework.boot.SpringApplication.run(SpringApplication.java:1277) [spring-boot-2.0.5.RELEASE.jar:2.0.5.RELEASE]
	at org.springframework.boot.SpringApplication.run(SpringApplication.java:1265) [spring-boot-2.0.5.RELEASE.jar:2.0.5.RELEASE]
	at com.xd.WaterApplication.main(WaterApplication.java:10) [classes/:na]
	at sun.reflect.NativeMethodAccessorImpl.invoke0(Native Method) ~[na:1.8.0_181]
	at sun.reflect.NativeMethodAccessorImpl.invoke(NativeMethodAccessorImpl.java:62) ~[na:1.8.0_181]
	at sun.reflect.DelegatingMethodAccessorImpl.invoke(DelegatingMethodAccessorImpl.java:43) ~[na:1.8.0_181]
	at java.lang.reflect.Method.invoke(Method.java:498) ~[na:1.8.0_181]
	at org.springframework.boot.devtools.restart.RestartLauncher.run(RestartLauncher.java:49) [spring-boot-devtools-2.0.5.RELEASE.jar:2.0.5.RELEASE]
Caused by: org.yaml.snakeyaml.scanner.ScannerException: while scanning a simple key
 in 'reader', line 28, column 3:
      file
      ^
could not find expected ':'
 in 'reader', line 29, column 5:
        : my.log
        ^

	at org.yaml.snakeyaml.scanner.ScannerImpl.stalePossibleSimpleKeys(ScannerImpl.java:466) ~[snakeyaml-1.19.jar:na]
	at org.yaml.snakeyaml.scanner.ScannerImpl.needMoreTokens(ScannerImpl.java:280) ~[snakeyaml-1.19.jar:na]
	at org.yaml.snakeyaml.scanner.ScannerImpl.checkToken(ScannerImpl.java:225) ~[snakeyaml-1.19.jar:na]
	at org.yaml.snakeyaml.parser.ParserImpl$ParseBlockMappingKey.produce(ParserImpl.java:557) ~[snakeyaml-1.19.jar:na]
	at org.yaml.snakeyaml.parser.ParserImpl.peekEvent(ParserImpl.java:157) ~[snakeyaml-1.19.jar:na]
	at org.yaml.snakeyaml.parser.ParserImpl.checkEvent(ParserImpl.java:147) ~[snakeyaml-1.19.jar:na]
	at org.yaml.snakeyaml.composer.Composer.composeMappingNode(Composer.java:227) ~[snakeyaml-1.19.jar:na]
	at org.yaml.snakeyaml.composer.Composer.composeNode(Composer.java:154) ~[snakeyaml-1.19.jar:na]
	at org.yaml.snakeyaml.composer.Composer.composeValueNode(Composer.java:249) ~[snakeyaml-1.19.jar:na]
	at org.yaml.snakeyaml.composer.Composer.composeMappingChildren(Composer.java:240) ~[snakeyaml-1.19.jar:na]
	at org.yaml.snakeyaml.composer.Composer.composeMappingNode(Composer.java:228) ~[snakeyaml-1.19.jar:na]
	at org.yaml.snakeyaml.composer.Composer.composeNode(Composer.java:154) ~[snakeyaml-1.19.jar:na]
	at org.yaml.snakeyaml.composer.Composer.composeValueNode(Composer.java:249) ~[snakeyaml-1.19.jar:na]
	at org.yaml.snakeyaml.composer.Composer.composeMappingChildren(Composer.java:240) ~[snakeyaml-1.19.jar:na]
	at org.yaml.snakeyaml.composer.Composer.composeMappingNode(Composer.java:228) ~[snakeyaml-1.19.jar:na]
	at org.yaml.snakeyaml.composer.Composer.composeNode(Composer.java:154) ~[snakeyaml-1.19.jar:na]
	at org.yaml.snakeyaml.composer.Composer.composeDocument(Composer.java:122) ~[snakeyaml-1.19.jar:na]
	at org.yaml.snakeyaml.composer.Composer.getNode(Composer.java:84) ~[snakeyaml-1.19.jar:na]
	at org.yaml.snakeyaml.constructor.BaseConstructor.getData(BaseConstructor.java:123) ~[snakeyaml-1.19.jar:na]
	at org.yaml.snakeyaml.Yaml$1.next(Yaml.java:547) ~[snakeyaml-1.19.jar:na]
	at org.springframework.beans.factory.config.YamlProcessor.process(YamlProcessor.java:166) ~[spring-beans-5.0.9.RELEASE.jar:5.0.9.RELEASE]
	at org.springframework.beans.factory.config.YamlProcessor.process(YamlProcessor.java:139) ~[spring-beans-5.0.9.RELEASE.jar:5.0.9.RELEASE]
	at org.springframework.boot.env.OriginTrackedYamlLoader.load(OriginTrackedYamlLoader.java:75) ~[spring-boot-2.0.5.RELEASE.jar:2.0.5.RELEASE]
	at org.springframework.boot.env.YamlPropertySourceLoader.load(YamlPropertySourceLoader.java:50) ~[spring-boot-2.0.5.RELEASE.jar:2.0.5.RELEASE]
	at org.springframework.boot.context.config.ConfigFileApplicationListener$Loader.loadDocuments(ConfigFileApplicationListener.java:570) ~[spring-boot-2.0.5.RELEASE.jar:2.0.5.RELEASE]
	at org.springframework.boot.context.config.ConfigFileApplicationListener$Loader.load(ConfigFileApplicationListener.java:526) ~[spring-boot-2.0.5.RELEASE.jar:2.0.5.RELEASE]
	... 28 common frames omitted

2018-10-25 01:44:01.333 ERROR 196 --- [restartedMain] o.s.boot.SpringApplication               : Application run failed

java.lang.IllegalStateException: Failed to load property source from location 'classpath:/application.yml'
	at org.springframework.boot.context.config.ConfigFileApplicationListener$Loader.load(ConfigFileApplicationListener.java:552) ~[spring-boot-2.0.5.RELEASE.jar:2.0.5.RELEASE]
	at org.springframework.boot.context.config.ConfigFileApplicationListener$Loader.loadForFileExtension(ConfigFileApplicationListener.java:503) ~[spring-boot-2.0.5.RELEASE.jar:2.0.5.RELEASE]
	at org.springframework.boot.context.config.ConfigFileApplicationListener$Loader.load(ConfigFileApplicationListener.java:470) ~[spring-boot-2.0.5.RELEASE.jar:2.0.5.RELEASE]
	at org.springframework.boot.context.config.ConfigFileApplicationListener$Loader.lambda$null$6(ConfigFileApplicationListener.java:451) ~[spring-boot-2.0.5.RELEASE.jar:2.0.5.RELEASE]
	at java.lang.Iterable.forEach(Iterable.java:75) ~[na:1.8.0_181]
	at org.springframework.boot.context.config.ConfigFileApplicationListener$Loader.lambda$load$7(ConfigFileApplicationListener.java:450) ~[spring-boot-2.0.5.RELEASE.jar:2.0.5.RELEASE]
	at java.lang.Iterable.forEach(Iterable.java:75) ~[na:1.8.0_181]
	at org.springframework.boot.context.config.ConfigFileApplicationListener$Loader.load(ConfigFileApplicationListener.java:447) ~[spring-boot-2.0.5.RELEASE.jar:2.0.5.RELEASE]
	at org.springframework.boot.context.config.ConfigFileApplicationListener$Loader.load(ConfigFileApplicationListener.java:336) ~[spring-boot-2.0.5.RELEASE.jar:2.0.5.RELEASE]
	at org.springframework.boot.context.config.ConfigFileApplicationListener.addPropertySources(ConfigFileApplicationListener.java:215) ~[spring-boot-2.0.5.RELEASE.jar:2.0.5.RELEASE]
	at org.springframework.boot.context.config.ConfigFileApplicationListener.postProcessEnvironment(ConfigFileApplicationListener.java:198) ~[spring-boot-2.0.5.RELEASE.jar:2.0.5.RELEASE]
	at org.springframework.boot.context.config.ConfigFileApplicationListener.onApplicationEnvironmentPreparedEvent(ConfigFileApplicationListener.java:185) ~[spring-boot-2.0.5.RELEASE.jar:2.0.5.RELEASE]
	at org.springframework.boot.context.config.ConfigFileApplicationListener.onApplicationEvent(ConfigFileApplicationListener.java:171) ~[spring-boot-2.0.5.RELEASE.jar:2.0.5.RELEASE]
	at org.springframework.context.event.SimpleApplicationEventMulticaster.doInvokeListener(SimpleApplicationEventMulticaster.java:172) ~[spring-context-5.0.9.RELEASE.jar:5.0.9.RELEASE]
	at org.springframework.context.event.SimpleApplicationEventMulticaster.invokeListener(SimpleApplicationEventMulticaster.java:165) ~[spring-context-5.0.9.RELEASE.jar:5.0.9.RELEASE]
	at org.springframework.context.event.SimpleApplicationEventMulticaster.multicastEvent(SimpleApplicationEventMulticaster.java:139) ~[spring-context-5.0.9.RELEASE.jar:5.0.9.RELEASE]
	at org.springframework.context.event.SimpleApplicationEventMulticaster.multicastEvent(SimpleApplicationEventMulticaster.java:127) ~[spring-context-5.0.9.RELEASE.jar:5.0.9.RELEASE]
	at org.springframework.boot.context.event.EventPublishingRunListener.environmentPrepared(EventPublishingRunListener.java:74) ~[spring-boot-2.0.5.RELEASE.jar:2.0.5.RELEASE]
	at org.springframework.boot.SpringApplicationRunListeners.environmentPrepared(SpringApplicationRunListeners.java:54) ~[spring-boot-2.0.5.RELEASE.jar:2.0.5.RELEASE]
	at org.springframework.boot.SpringApplication.prepareEnvironment(SpringApplication.java:364) [spring-boot-2.0.5.RELEASE.jar:2.0.5.RELEASE]
	at org.springframework.boot.SpringApplication.run(SpringApplication.java:323) [spring-boot-2.0.5.RELEASE.jar:2.0.5.RELEASE]
	at org.springframework.boot.SpringApplication.run(SpringApplication.java:1277) [spring-boot-2.0.5.RELEASE.jar:2.0.5.RELEASE]
	at org.springframework.boot.SpringApplication.run(SpringApplication.java:1265) [spring-boot-2.0.5.RELEASE.jar:2.0.5.RELEASE]
	at com.xd.WaterApplication.main(WaterApplication.java:10) [classes/:na]
	at sun.reflect.NativeMethodAccessorImpl.invoke0(Native Method) ~[na:1.8.0_181]
	at sun.reflect.NativeMethodAccessorImpl.invoke(NativeMethodAccessorImpl.java:62) ~[na:1.8.0_181]
	at sun.reflect.DelegatingMethodAccessorImpl.invoke(DelegatingMethodAccessorImpl.java:43) ~[na:1.8.0_181]
	at java.lang.reflect.Method.invoke(Method.java:498) ~[na:1.8.0_181]
	at org.springframework.boot.devtools.restart.RestartLauncher.run(RestartLauncher.java:49) [spring-boot-devtools-2.0.5.RELEASE.jar:2.0.5.RELEASE]
Caused by: org.yaml.snakeyaml.scanner.ScannerException: while scanning a simple key
 in 'reader', line 28, column 3:
      file
      ^
could not find expected ':'
 in 'reader', line 29, column 6:
        D: my.log
         ^

	at org.yaml.snakeyaml.scanner.ScannerImpl.stalePossibleSimpleKeys(ScannerImpl.java:466) ~[snakeyaml-1.19.jar:na]
	at org.yaml.snakeyaml.scanner.ScannerImpl.needMoreTokens(ScannerImpl.java:280) ~[snakeyaml-1.19.jar:na]
	at org.yaml.snakeyaml.scanner.ScannerImpl.checkToken(ScannerImpl.java:225) ~[snakeyaml-1.19.jar:na]
	at org.yaml.snakeyaml.parser.ParserImpl$ParseBlockMappingKey.produce(ParserImpl.java:557) ~[snakeyaml-1.19.jar:na]
	at org.yaml.snakeyaml.parser.ParserImpl.peekEvent(ParserImpl.java:157) ~[snakeyaml-1.19.jar:na]
	at org.yaml.snakeyaml.parser.ParserImpl.checkEvent(ParserImpl.java:147) ~[snakeyaml-1.19.jar:na]
	at org.yaml.snakeyaml.composer.Composer.composeMappingNode(Composer.java:227) ~[snakeyaml-1.19.jar:na]
	at org.yaml.snakeyaml.composer.Composer.composeNode(Composer.java:154) ~[snakeyaml-1.19.jar:na]
	at org.yaml.snakeyaml.composer.Composer.composeValueNode(Composer.java:249) ~[snakeyaml-1.19.jar:na]
	at org.yaml.snakeyaml.composer.Composer.composeMappingChildren(Composer.java:240) ~[snakeyaml-1.19.jar:na]
	at org.yaml.snakeyaml.composer.Composer.composeMappingNode(Composer.java:228) ~[snakeyaml-1.19.jar:na]
	at org.yaml.snakeyaml.composer.Composer.composeNode(Composer.java:154) ~[snakeyaml-1.19.jar:na]
	at org.yaml.snakeyaml.composer.Composer.composeValueNode(Composer.java:249) ~[snakeyaml-1.19.jar:na]
	at org.yaml.snakeyaml.composer.Composer.composeMappingChildren(Composer.java:240) ~[snakeyaml-1.19.jar:na]
	at org.yaml.snakeyaml.composer.Composer.composeMappingNode(Composer.java:228) ~[snakeyaml-1.19.jar:na]
	at org.yaml.snakeyaml.composer.Composer.composeNode(Composer.java:154) ~[snakeyaml-1.19.jar:na]
	at org.yaml.snakeyaml.composer.Composer.composeDocument(Composer.java:122) ~[snakeyaml-1.19.jar:na]
	at org.yaml.snakeyaml.composer.Composer.getNode(Composer.java:84) ~[snakeyaml-1.19.jar:na]
	at org.yaml.snakeyaml.constructor.BaseConstructor.getData(BaseConstructor.java:123) ~[snakeyaml-1.19.jar:na]
	at org.yaml.snakeyaml.Yaml$1.next(Yaml.java:547) ~[snakeyaml-1.19.jar:na]
	at org.springframework.beans.factory.config.YamlProcessor.process(YamlProcessor.java:166) ~[spring-beans-5.0.9.RELEASE.jar:5.0.9.RELEASE]
	at org.springframework.beans.factory.config.YamlProcessor.process(YamlProcessor.java:139) ~[spring-beans-5.0.9.RELEASE.jar:5.0.9.RELEASE]
	at org.springframework.boot.env.OriginTrackedYamlLoader.load(OriginTrackedYamlLoader.java:75) ~[spring-boot-2.0.5.RELEASE.jar:2.0.5.RELEASE]
	at org.springframework.boot.env.YamlPropertySourceLoader.load(YamlPropertySourceLoader.java:50) ~[spring-boot-2.0.5.RELEASE.jar:2.0.5.RELEASE]
	at org.springframework.boot.context.config.ConfigFileApplicationListener$Loader.loadDocuments(ConfigFileApplicationListener.java:570) ~[spring-boot-2.0.5.RELEASE.jar:2.0.5.RELEASE]
	at org.springframework.boot.context.config.ConfigFileApplicationListener$Loader.load(ConfigFileApplicationListener.java:526) ~[spring-boot-2.0.5.RELEASE.jar:2.0.5.RELEASE]
	... 28 common frames omitted

2018-10-25 01:44:05.585 ERROR 196 --- [restartedMain] o.s.boot.SpringApplication               : Application run failed

java.lang.IllegalStateException: Failed to load property source from location 'classpath:/application.yml'
	at org.springframework.boot.context.config.ConfigFileApplicationListener$Loader.load(ConfigFileApplicationListener.java:552) ~[spring-boot-2.0.5.RELEASE.jar:2.0.5.RELEASE]
	at org.springframework.boot.context.config.ConfigFileApplicationListener$Loader.loadForFileExtension(ConfigFileApplicationListener.java:503) ~[spring-boot-2.0.5.RELEASE.jar:2.0.5.RELEASE]
	at org.springframework.boot.context.config.ConfigFileApplicationListener$Loader.load(ConfigFileApplicationListener.java:470) ~[spring-boot-2.0.5.RELEASE.jar:2.0.5.RELEASE]
	at org.springframework.boot.context.config.ConfigFileApplicationListener$Loader.lambda$null$6(ConfigFileApplicationListener.java:451) ~[spring-boot-2.0.5.RELEASE.jar:2.0.5.RELEASE]
	at java.lang.Iterable.forEach(Iterable.java:75) ~[na:1.8.0_181]
	at org.springframework.boot.context.config.ConfigFileApplicationListener$Loader.lambda$load$7(ConfigFileApplicationListener.java:450) ~[spring-boot-2.0.5.RELEASE.jar:2.0.5.RELEASE]
	at java.lang.Iterable.forEach(Iterable.java:75) ~[na:1.8.0_181]
	at org.springframework.boot.context.config.ConfigFileApplicationListener$Loader.load(ConfigFileApplicationListener.java:447) ~[spring-boot-2.0.5.RELEASE.jar:2.0.5.RELEASE]
	at org.springframework.boot.context.config.ConfigFileApplicationListener$Loader.load(ConfigFileApplicationListener.java:336) ~[spring-boot-2.0.5.RELEASE.jar:2.0.5.RELEASE]
	at org.springframework.boot.context.config.ConfigFileApplicationListener.addPropertySources(ConfigFileApplicationListener.java:215) ~[spring-boot-2.0.5.RELEASE.jar:2.0.5.RELEASE]
	at org.springframework.boot.context.config.ConfigFileApplicationListener.postProcessEnvironment(ConfigFileApplicationListener.java:198) ~[spring-boot-2.0.5.RELEASE.jar:2.0.5.RELEASE]
	at org.springframework.boot.context.config.ConfigFileApplicationListener.onApplicationEnvironmentPreparedEvent(ConfigFileApplicationListener.java:185) ~[spring-boot-2.0.5.RELEASE.jar:2.0.5.RELEASE]
	at org.springframework.boot.context.config.ConfigFileApplicationListener.onApplicationEvent(ConfigFileApplicationListener.java:171) ~[spring-boot-2.0.5.RELEASE.jar:2.0.5.RELEASE]
	at org.springframework.context.event.SimpleApplicationEventMulticaster.doInvokeListener(SimpleApplicationEventMulticaster.java:172) ~[spring-context-5.0.9.RELEASE.jar:5.0.9.RELEASE]
	at org.springframework.context.event.SimpleApplicationEventMulticaster.invokeListener(SimpleApplicationEventMulticaster.java:165) ~[spring-context-5.0.9.RELEASE.jar:5.0.9.RELEASE]
	at org.springframework.context.event.SimpleApplicationEventMulticaster.multicastEvent(SimpleApplicationEventMulticaster.java:139) ~[spring-context-5.0.9.RELEASE.jar:5.0.9.RELEASE]
	at org.springframework.context.event.SimpleApplicationEventMulticaster.multicastEvent(SimpleApplicationEventMulticaster.java:127) ~[spring-context-5.0.9.RELEASE.jar:5.0.9.RELEASE]
	at org.springframework.boot.context.event.EventPublishingRunListener.environmentPrepared(EventPublishingRunListener.java:74) ~[spring-boot-2.0.5.RELEASE.jar:2.0.5.RELEASE]
	at org.springframework.boot.SpringApplicationRunListeners.environmentPrepared(SpringApplicationRunListeners.java:54) ~[spring-boot-2.0.5.RELEASE.jar:2.0.5.RELEASE]
	at org.springframework.boot.SpringApplication.prepareEnvironment(SpringApplication.java:364) [spring-boot-2.0.5.RELEASE.jar:2.0.5.RELEASE]
	at org.springframework.boot.SpringApplication.run(SpringApplication.java:323) [spring-boot-2.0.5.RELEASE.jar:2.0.5.RELEASE]
	at org.springframework.boot.SpringApplication.run(SpringApplication.java:1277) [spring-boot-2.0.5.RELEASE.jar:2.0.5.RELEASE]
	at org.springframework.boot.SpringApplication.run(SpringApplication.java:1265) [spring-boot-2.0.5.RELEASE.jar:2.0.5.RELEASE]
	at com.xd.WaterApplication.main(WaterApplication.java:10) [classes/:na]
	at sun.reflect.NativeMethodAccessorImpl.invoke0(Native Method) ~[na:1.8.0_181]
	at sun.reflect.NativeMethodAccessorImpl.invoke(NativeMethodAccessorImpl.java:62) ~[na:1.8.0_181]
	at sun.reflect.DelegatingMethodAccessorImpl.invoke(DelegatingMethodAccessorImpl.java:43) ~[na:1.8.0_181]
	at java.lang.reflect.Method.invoke(Method.java:498) ~[na:1.8.0_181]
	at org.springframework.boot.devtools.restart.RestartLauncher.run(RestartLauncher.java:49) [spring-boot-devtools-2.0.5.RELEASE.jar:2.0.5.RELEASE]
Caused by: org.yaml.snakeyaml.scanner.ScannerException: while scanning a simple key
 in 'reader', line 28, column 3:
      file
      ^
could not find expected ':'
 in 'reader', line 29, column 7:
        De: my.log
          ^

	at org.yaml.snakeyaml.scanner.ScannerImpl.stalePossibleSimpleKeys(ScannerImpl.java:466) ~[snakeyaml-1.19.jar:na]
	at org.yaml.snakeyaml.scanner.ScannerImpl.needMoreTokens(ScannerImpl.java:280) ~[snakeyaml-1.19.jar:na]
	at org.yaml.snakeyaml.scanner.ScannerImpl.checkToken(ScannerImpl.java:225) ~[snakeyaml-1.19.jar:na]
	at org.yaml.snakeyaml.parser.ParserImpl$ParseBlockMappingKey.produce(ParserImpl.java:557) ~[snakeyaml-1.19.jar:na]
	at org.yaml.snakeyaml.parser.ParserImpl.peekEvent(ParserImpl.java:157) ~[snakeyaml-1.19.jar:na]
	at org.yaml.snakeyaml.parser.ParserImpl.checkEvent(ParserImpl.java:147) ~[snakeyaml-1.19.jar:na]
	at org.yaml.snakeyaml.composer.Composer.composeMappingNode(Composer.java:227) ~[snakeyaml-1.19.jar:na]
	at org.yaml.snakeyaml.composer.Composer.composeNode(Composer.java:154) ~[snakeyaml-1.19.jar:na]
	at org.yaml.snakeyaml.composer.Composer.composeValueNode(Composer.java:249) ~[snakeyaml-1.19.jar:na]
	at org.yaml.snakeyaml.composer.Composer.composeMappingChildren(Composer.java:240) ~[snakeyaml-1.19.jar:na]
	at org.yaml.snakeyaml.composer.Composer.composeMappingNode(Composer.java:228) ~[snakeyaml-1.19.jar:na]
	at org.yaml.snakeyaml.composer.Composer.composeNode(Composer.java:154) ~[snakeyaml-1.19.jar:na]
	at org.yaml.snakeyaml.composer.Composer.composeValueNode(Composer.java:249) ~[snakeyaml-1.19.jar:na]
	at org.yaml.snakeyaml.composer.Composer.composeMappingChildren(Composer.java:240) ~[snakeyaml-1.19.jar:na]
	at org.yaml.snakeyaml.composer.Composer.composeMappingNode(Composer.java:228) ~[snakeyaml-1.19.jar:na]
	at org.yaml.snakeyaml.composer.Composer.composeNode(Composer.java:154) ~[snakeyaml-1.19.jar:na]
	at org.yaml.snakeyaml.composer.Composer.composeDocument(Composer.java:122) ~[snakeyaml-1.19.jar:na]
	at org.yaml.snakeyaml.composer.Composer.getNode(Composer.java:84) ~[snakeyaml-1.19.jar:na]
	at org.yaml.snakeyaml.constructor.BaseConstructor.getData(BaseConstructor.java:123) ~[snakeyaml-1.19.jar:na]
	at org.yaml.snakeyaml.Yaml$1.next(Yaml.java:547) ~[snakeyaml-1.19.jar:na]
	at org.springframework.beans.factory.config.YamlProcessor.process(YamlProcessor.java:166) ~[spring-beans-5.0.9.RELEASE.jar:5.0.9.RELEASE]
	at org.springframework.beans.factory.config.YamlProcessor.process(YamlProcessor.java:139) ~[spring-beans-5.0.9.RELEASE.jar:5.0.9.RELEASE]
	at org.springframework.boot.env.OriginTrackedYamlLoader.load(OriginTrackedYamlLoader.java:75) ~[spring-boot-2.0.5.RELEASE.jar:2.0.5.RELEASE]
	at org.springframework.boot.env.YamlPropertySourceLoader.load(YamlPropertySourceLoader.java:50) ~[spring-boot-2.0.5.RELEASE.jar:2.0.5.RELEASE]
	at org.springframework.boot.context.config.ConfigFileApplicationListener$Loader.loadDocuments(ConfigFileApplicationListener.java:570) ~[spring-boot-2.0.5.RELEASE.jar:2.0.5.RELEASE]
	at org.springframework.boot.context.config.ConfigFileApplicationListener$Loader.load(ConfigFileApplicationListener.java:526) ~[spring-boot-2.0.5.RELEASE.jar:2.0.5.RELEASE]
	... 28 common frames omitted

2018-10-25 01:44:54.496  INFO 196 --- [restartedMain] com.xd.WaterApplication                  : Starting WaterApplication on DESKTOP-U7815GB with PID 196 (C:\Users\xiaoduan\IdeaProjects\water\target\classes started by xiaoduan in C:\Users\xiaoduan\IdeaProjects\water)
2018-10-25 01:44:54.496  INFO 196 --- [restartedMain] com.xd.WaterApplication                  : No active profile set, falling back to default profiles: default
2018-10-25 01:44:54.515  INFO 196 --- [restartedMain] ConfigServletWebServerApplicationContext : Refreshing org.springframework.boot.web.servlet.context.AnnotationConfigServletWebServerApplicationContext@4af20d34: startup date [Thu Oct 25 01:44:54 CST 2018]; root of context hierarchy
2018-10-25 01:44:55.093  INFO 196 --- [restartedMain] o.s.b.w.embedded.tomcat.TomcatWebServer  : Tomcat initialized with port(s): 8080 (http)
2018-10-25 01:44:55.093  INFO 196 --- [restartedMain] o.apache.catalina.core.StandardService   : Starting service [Tomcat]
2018-10-25 01:44:55.094  INFO 196 --- [restartedMain] org.apache.catalina.core.StandardEngine  : Starting Servlet Engine: Apache Tomcat/8.5.34
2018-10-25 01:44:55.161  INFO 196 --- [localhost-startStop-1] o.a.c.c.C.[Tomcat-7].[localhost].[/]     : Initializing Spring embedded WebApplicationContext
2018-10-25 01:44:55.162  INFO 196 --- [localhost-startStop-1] o.s.web.context.ContextLoader            : Root WebApplicationContext: initialization completed in 647 ms
2018-10-25 01:44:55.203  INFO 196 --- [localhost-startStop-1] o.s.b.w.servlet.ServletRegistrationBean  : Servlet dispatcherServlet mapped to [/]
2018-10-25 01:44:55.203  INFO 196 --- [localhost-startStop-1] o.s.b.w.servlet.FilterRegistrationBean   : Mapping filter: 'characterEncodingFilter' to: [/*]
2018-10-25 01:44:55.203  INFO 196 --- [localhost-startStop-1] o.s.b.w.servlet.FilterRegistrationBean   : Mapping filter: 'hiddenHttpMethodFilter' to: [/*]
2018-10-25 01:44:55.203  INFO 196 --- [localhost-startStop-1] o.s.b.w.servlet.FilterRegistrationBean   : Mapping filter: 'httpPutFormContentFilter' to: [/*]
2018-10-25 01:44:55.203  INFO 196 --- [localhost-startStop-1] o.s.b.w.servlet.FilterRegistrationBean   : Mapping filter: 'requestContextFilter' to: [/*]
2018-10-25 01:44:55.376  INFO 196 --- [restartedMain] o.s.w.s.handler.SimpleUrlHandlerMapping  : Mapped URL path [/**/favicon.ico] onto handler of type [class org.springframework.web.servlet.resource.ResourceHttpRequestHandler]
2018-10-25 01:44:55.405  INFO 196 --- [restartedMain] s.w.s.m.m.a.RequestMappingHandlerAdapter : Looking for @ControllerAdvice: org.springframework.boot.web.servlet.context.AnnotationConfigServletWebServerApplicationContext@4af20d34: startup date [Thu Oct 25 01:44:54 CST 2018]; root of context hierarchy
2018-10-25 01:44:55.412  INFO 196 --- [restartedMain] s.w.s.m.m.a.RequestMappingHandlerMapping : Mapped "{[/syArea/insert]}" onto public java.lang.String com.xd.controller.SyAreaController.insert(com.xd.entity.SyArea,java.util.Map<java.lang.String, java.lang.Object>)
2018-10-25 01:44:55.412  INFO 196 --- [restartedMain] s.w.s.m.m.a.RequestMappingHandlerMapping : Mapped "{[/syArea/update]}" onto public java.lang.String com.xd.controller.SyAreaController.updateByPrimaryKeySelective(com.xd.entity.SyArea,java.util.Map<java.lang.String, java.lang.Object>)
2018-10-25 01:44:55.413  INFO 196 --- [restartedMain] s.w.s.m.m.a.RequestMappingHandlerMapping : Mapped "{[/syArea/selectById]}" onto public java.lang.String com.xd.controller.SyAreaController.selectById(java.lang.Integer,java.util.Map<java.lang.String, java.lang.Object>)
2018-10-25 01:44:55.413  INFO 196 --- [restartedMain] s.w.s.m.m.a.RequestMappingHandlerMapping : Mapped "{[/syArea/updateDel]}" onto public org.springframework.web.servlet.ModelAndView com.xd.controller.SyAreaController.updateDel(com.xd.entity.SyArea)
2018-10-25 01:44:55.413  INFO 196 --- [restartedMain] s.w.s.m.m.a.RequestMappingHandlerMapping : Mapped "{[/syArea/selectAll]}" onto public java.lang.String com.xd.controller.SyAreaController.selectAll(java.util.Map<java.lang.String, java.lang.Object>)
2018-10-25 01:44:55.413  INFO 196 --- [restartedMain] s.w.s.m.m.a.RequestMappingHandlerMapping : Mapped "{[/syDept/update]}" onto public java.lang.String com.xd.controller.SyDeptController.update(com.xd.entity.SyDept,java.util.Map<java.lang.String, java.lang.Object>)
2018-10-25 01:44:55.413  INFO 196 --- [restartedMain] s.w.s.m.m.a.RequestMappingHandlerMapping : Mapped "{[/syDept/insert]}" onto public java.lang.String com.xd.controller.SyDeptController.insert(com.xd.entity.SyDept,java.util.Map<java.lang.String, java.lang.Object>)
2018-10-25 01:44:55.413  INFO 196 --- [restartedMain] s.w.s.m.m.a.RequestMappingHandlerMapping : Mapped "{[/syDept/selectById]}" onto public java.lang.String com.xd.controller.SyDeptController.selectById(java.lang.Integer,java.util.Map<java.lang.String, java.lang.Object>)
2018-10-25 01:44:55.414  INFO 196 --- [restartedMain] s.w.s.m.m.a.RequestMappingHandlerMapping : Mapped "{[/syDept/updateDel]}" onto public org.springframework.web.servlet.ModelAndView com.xd.controller.SyDeptController.updateDel(com.xd.entity.SyDept)
2018-10-25 01:44:55.414  INFO 196 --- [restartedMain] s.w.s.m.m.a.RequestMappingHandlerMapping : Mapped "{[/syDept/selectAll]}" onto public java.lang.String com.xd.controller.SyDeptController.selectAll(java.util.Map<java.lang.String, java.lang.Object>)
2018-10-25 01:44:55.415  INFO 196 --- [restartedMain] s.w.s.m.m.a.RequestMappingHandlerMapping : Mapped "{[/syEmp/login]}" onto public java.lang.String com.xd.controller.SyEmpController.login(com.xd.entity.SyEmp,java.util.Map<java.lang.String, java.lang.Object>,javax.servlet.http.HttpServletRequest)
2018-10-25 01:44:55.415  INFO 196 --- [restartedMain] s.w.s.m.m.a.RequestMappingHandlerMapping : Mapped "{[/syEmp/loginOut]}" onto public org.springframework.web.servlet.ModelAndView com.xd.controller.SyEmpController.loginOut(javax.servlet.http.HttpServletRequest)
2018-10-25 01:44:55.417  INFO 196 --- [restartedMain] s.w.s.m.m.a.RequestMappingHandlerMapping : Mapped "{[/syEmp/updatePwd]}" onto public java.lang.String com.xd.controller.SyEmpController.updatePwd(javax.servlet.http.HttpServletRequest,com.xd.entity.SyEmp,java.util.Map<java.lang.String, java.lang.Object>,java.lang.String) throws java.lang.Exception
2018-10-25 01:44:55.417  INFO 196 --- [restartedMain] s.w.s.m.m.a.RequestMappingHandlerMapping : Mapped "{[/syMetertype/update]}" onto public java.lang.String com.xd.controller.SyMetertypeController.update(com.xd.entity.SyMetertype,java.util.Map<java.lang.String, java.lang.Object>)
2018-10-25 01:44:55.417  INFO 196 --- [restartedMain] s.w.s.m.m.a.RequestMappingHandlerMapping : Mapped "{[/syMetertype/insert]}" onto public java.lang.String com.xd.controller.SyMetertypeController.insert(com.xd.entity.SyMetertype,java.util.Map<java.lang.String, java.lang.Object>)
2018-10-25 01:44:55.418  INFO 196 --- [restartedMain] s.w.s.m.m.a.RequestMappingHandlerMapping : Mapped "{[/syMetertype/selectById]}" onto public java.lang.String com.xd.controller.SyMetertypeController.selectById(java.lang.Integer,java.util.Map<java.lang.String, java.lang.Object>)
2018-10-25 01:44:55.418  INFO 196 --- [restartedMain] s.w.s.m.m.a.RequestMappingHandlerMapping : Mapped "{[/syMetertype/updateDel]}" onto public org.springframework.web.servlet.ModelAndView com.xd.controller.SyMetertypeController.updateDel(com.xd.entity.SyMetertype)
2018-10-25 01:44:55.419  INFO 196 --- [restartedMain] s.w.s.m.m.a.RequestMappingHandlerMapping : Mapped "{[/syMetertype/selectAll]}" onto public java.lang.String com.xd.controller.SyMetertypeController.selectAll(java.util.Map<java.lang.String, java.lang.Object>)
2018-10-25 01:44:55.419  INFO 196 --- [restartedMain] s.w.s.m.m.a.RequestMappingHandlerMapping : Mapped "{[/templates]}" onto public java.lang.String com.xd.controller.TemplatesController.templates(java.lang.String)
2018-10-25 01:44:55.421  INFO 196 --- [restartedMain] s.w.s.m.m.a.RequestMappingHandlerMapping : Mapped "{[/error]}" onto public org.springframework.http.ResponseEntity<java.util.Map<java.lang.String, java.lang.Object>> org.springframework.boot.autoconfigure.web.servlet.error.BasicErrorController.error(javax.servlet.http.HttpServletRequest)
2018-10-25 01:44:55.422  INFO 196 --- [restartedMain] s.w.s.m.m.a.RequestMappingHandlerMapping : Mapped "{[/error],produces=[text/html]}" onto public org.springframework.web.servlet.ModelAndView org.springframework.boot.autoconfigure.web.servlet.error.BasicErrorController.errorHtml(javax.servlet.http.HttpServletRequest,javax.servlet.http.HttpServletResponse)
2018-10-25 01:44:55.426  INFO 196 --- [restartedMain] o.s.w.s.handler.SimpleUrlHandlerMapping  : Mapped URL path [/index.html] onto handler of type [class org.springframework.web.servlet.mvc.ParameterizableViewController]
2018-10-25 01:44:55.429  INFO 196 --- [restartedMain] o.s.w.s.handler.SimpleUrlHandlerMapping  : Mapped URL path [/webjars/**] onto handler of type [class org.springframework.web.servlet.resource.ResourceHttpRequestHandler]
2018-10-25 01:44:55.429  INFO 196 --- [restartedMain] o.s.w.s.handler.SimpleUrlHandlerMapping  : Mapped URL path [/static/**] onto handler of type [class org.springframework.web.servlet.resource.ResourceHttpRequestHandler]
2018-10-25 01:44:55.453  INFO 196 --- [restartedMain] o.s.b.a.w.s.WelcomePageHandlerMapping    : Adding welcome page template: index
2018-10-25 01:44:55.578  INFO 196 --- [restartedMain] o.s.b.d.a.OptionalLiveReloadServer       : LiveReload server is running on port 35729
2018-10-25 01:44:55.625  INFO 196 --- [restartedMain] o.s.j.e.a.AnnotationMBeanExporter        : Registering beans for JMX exposure on startup
2018-10-25 01:44:55.625  INFO 196 --- [restartedMain] o.s.j.e.a.AnnotationMBeanExporter        : Bean with name 'getDataSource' has been autodetected for JMX exposure
2018-10-25 01:44:55.636  INFO 196 --- [restartedMain] o.s.j.e.a.AnnotationMBeanExporter        : Located MBean 'getDataSource': registering with JMX server as MBean [com.alibaba.druid.pool:name=getDataSource,type=DruidDataSource]
2018-10-25 01:44:55.654  INFO 196 --- [restartedMain] o.s.b.w.embedded.tomcat.TomcatWebServer  : Tomcat started on port(s): 8080 (http) with context path ''
2018-10-25 01:44:55.655  INFO 196 --- [restartedMain] com.xd.WaterApplication                  : Started WaterApplication in 1.208 seconds (JVM running for 4745.634)
2018-10-25 01:44:55.658  INFO 196 --- [restartedMain] .ConditionEvaluationDeltaLoggingListener : Condition evaluation unchanged
2018-10-25 01:44:57.942  INFO 196 --- [Thread-701] ConfigServletWebServerApplicationContext : Closing org.springframework.boot.web.servlet.context.AnnotationConfigServletWebServerApplicationContext@4af20d34: startup date [Thu Oct 25 01:44:54 CST 2018]; root of context hierarchy
2018-10-25 01:44:57.943  INFO 196 --- [Thread-701] o.s.j.e.a.AnnotationMBeanExporter        : Unregistering JMX-exposed beans on shutdown
2018-10-25 01:44:57.944  INFO 196 --- [Thread-701] o.s.j.e.a.AnnotationMBeanExporter        : Unregistering JMX-exposed beans
2018-10-25 01:44:58.505 ERROR 196 --- [restartedMain] o.s.boot.SpringApplication               : Application run failed

java.lang.IllegalStateException: Failed to load property source from location 'classpath:/application.yml'
	at org.springframework.boot.context.config.ConfigFileApplicationListener$Loader.load(ConfigFileApplicationListener.java:552) ~[spring-boot-2.0.5.RELEASE.jar:2.0.5.RELEASE]
	at org.springframework.boot.context.config.ConfigFileApplicationListener$Loader.loadForFileExtension(ConfigFileApplicationListener.java:503) ~[spring-boot-2.0.5.RELEASE.jar:2.0.5.RELEASE]
	at org.springframework.boot.context.config.ConfigFileApplicationListener$Loader.load(ConfigFileApplicationListener.java:470) ~[spring-boot-2.0.5.RELEASE.jar:2.0.5.RELEASE]
	at org.springframework.boot.context.config.ConfigFileApplicationListener$Loader.lambda$null$6(ConfigFileApplicationListener.java:451) ~[spring-boot-2.0.5.RELEASE.jar:2.0.5.RELEASE]
	at java.lang.Iterable.forEach(Iterable.java:75) ~[na:1.8.0_181]
	at org.springframework.boot.context.config.ConfigFileApplicationListener$Loader.lambda$load$7(ConfigFileApplicationListener.java:450) ~[spring-boot-2.0.5.RELEASE.jar:2.0.5.RELEASE]
	at java.lang.Iterable.forEach(Iterable.java:75) ~[na:1.8.0_181]
	at org.springframework.boot.context.config.ConfigFileApplicationListener$Loader.load(ConfigFileApplicationListener.java:447) ~[spring-boot-2.0.5.RELEASE.jar:2.0.5.RELEASE]
	at org.springframework.boot.context.config.ConfigFileApplicationListener$Loader.load(ConfigFileApplicationListener.java:336) ~[spring-boot-2.0.5.RELEASE.jar:2.0.5.RELEASE]
	at org.springframework.boot.context.config.ConfigFileApplicationListener.addPropertySources(ConfigFileApplicationListener.java:215) ~[spring-boot-2.0.5.RELEASE.jar:2.0.5.RELEASE]
	at org.springframework.boot.context.config.ConfigFileApplicationListener.postProcessEnvironment(ConfigFileApplicationListener.java:198) ~[spring-boot-2.0.5.RELEASE.jar:2.0.5.RELEASE]
	at org.springframework.boot.context.config.ConfigFileApplicationListener.onApplicationEnvironmentPreparedEvent(ConfigFileApplicationListener.java:185) ~[spring-boot-2.0.5.RELEASE.jar:2.0.5.RELEASE]
	at org.springframework.boot.context.config.ConfigFileApplicationListener.onApplicationEvent(ConfigFileApplicationListener.java:171) ~[spring-boot-2.0.5.RELEASE.jar:2.0.5.RELEASE]
	at org.springframework.context.event.SimpleApplicationEventMulticaster.doInvokeListener(SimpleApplicationEventMulticaster.java:172) ~[spring-context-5.0.9.RELEASE.jar:5.0.9.RELEASE]
	at org.springframework.context.event.SimpleApplicationEventMulticaster.invokeListener(SimpleApplicationEventMulticaster.java:165) ~[spring-context-5.0.9.RELEASE.jar:5.0.9.RELEASE]
	at org.springframework.context.event.SimpleApplicationEventMulticaster.multicastEvent(SimpleApplicationEventMulticaster.java:139) ~[spring-context-5.0.9.RELEASE.jar:5.0.9.RELEASE]
	at org.springframework.context.event.SimpleApplicationEventMulticaster.multicastEvent(SimpleApplicationEventMulticaster.java:127) ~[spring-context-5.0.9.RELEASE.jar:5.0.9.RELEASE]
	at org.springframework.boot.context.event.EventPublishingRunListener.environmentPrepared(EventPublishingRunListener.java:74) ~[spring-boot-2.0.5.RELEASE.jar:2.0.5.RELEASE]
	at org.springframework.boot.SpringApplicationRunListeners.environmentPrepared(SpringApplicationRunListeners.java:54) ~[spring-boot-2.0.5.RELEASE.jar:2.0.5.RELEASE]
	at org.springframework.boot.SpringApplication.prepareEnvironment(SpringApplication.java:364) [spring-boot-2.0.5.RELEASE.jar:2.0.5.RELEASE]
	at org.springframework.boot.SpringApplication.run(SpringApplication.java:323) [spring-boot-2.0.5.RELEASE.jar:2.0.5.RELEASE]
	at org.springframework.boot.SpringApplication.run(SpringApplication.java:1277) [spring-boot-2.0.5.RELEASE.jar:2.0.5.RELEASE]
	at org.springframework.boot.SpringApplication.run(SpringApplication.java:1265) [spring-boot-2.0.5.RELEASE.jar:2.0.5.RELEASE]
	at com.xd.WaterApplication.main(WaterApplication.java:10) [classes/:na]
	at sun.reflect.NativeMethodAccessorImpl.invoke0(Native Method) ~[na:1.8.0_181]
	at sun.reflect.NativeMethodAccessorImpl.invoke(NativeMethodAccessorImpl.java:62) ~[na:1.8.0_181]
	at sun.reflect.DelegatingMethodAccessorImpl.invoke(DelegatingMethodAccessorImpl.java:43) ~[na:1.8.0_181]
	at java.lang.reflect.Method.invoke(Method.java:498) ~[na:1.8.0_181]
	at org.springframework.boot.devtools.restart.RestartLauncher.run(RestartLauncher.java:49) [spring-boot-devtools-2.0.5.RELEASE.jar:2.0.5.RELEASE]
Caused by: org.yaml.snakeyaml.scanner.ScannerException: while scanning a simple key
 in 'reader', line 29, column 3:
      my.log
      ^
could not find expected ':'
 in 'reader', line 29, column 9:
    my.log
          ^

	at org.yaml.snakeyaml.scanner.ScannerImpl.removePossibleSimpleKey(ScannerImpl.java:515) ~[snakeyaml-1.19.jar:na]
	at org.yaml.snakeyaml.scanner.ScannerImpl.fetchStreamEnd(ScannerImpl.java:588) ~[snakeyaml-1.19.jar:na]
	at org.yaml.snakeyaml.scanner.ScannerImpl.fetchMoreTokens(ScannerImpl.java:301) ~[snakeyaml-1.19.jar:na]
	at org.yaml.snakeyaml.scanner.ScannerImpl.checkToken(ScannerImpl.java:226) ~[snakeyaml-1.19.jar:na]
	at org.yaml.snakeyaml.parser.ParserImpl$ParseBlockMappingValue.produce(ParserImpl.java:585) ~[snakeyaml-1.19.jar:na]
	at org.yaml.snakeyaml.parser.ParserImpl.peekEvent(ParserImpl.java:157) ~[snakeyaml-1.19.jar:na]
	at org.yaml.snakeyaml.parser.ParserImpl.checkEvent(ParserImpl.java:147) ~[snakeyaml-1.19.jar:na]
	at org.yaml.snakeyaml.composer.Composer.composeNode(Composer.java:133) ~[snakeyaml-1.19.jar:na]
	at org.yaml.snakeyaml.composer.Composer.composeValueNode(Composer.java:249) ~[snakeyaml-1.19.jar:na]
	at org.yaml.snakeyaml.composer.Composer.composeMappingChildren(Composer.java:240) ~[snakeyaml-1.19.jar:na]
	at org.yaml.snakeyaml.composer.Composer.composeMappingNode(Composer.java:228) ~[snakeyaml-1.19.jar:na]
	at org.yaml.snakeyaml.composer.Composer.composeNode(Composer.java:154) ~[snakeyaml-1.19.jar:na]
	at org.yaml.snakeyaml.composer.Composer.composeValueNode(Composer.java:249) ~[snakeyaml-1.19.jar:na]
	at org.yaml.snakeyaml.composer.Composer.composeMappingChildren(Composer.java:240) ~[snakeyaml-1.19.jar:na]
	at org.yaml.snakeyaml.composer.Composer.composeMappingNode(Composer.java:228) ~[snakeyaml-1.19.jar:na]
	at org.yaml.snakeyaml.composer.Composer.composeNode(Composer.java:154) ~[snakeyaml-1.19.jar:na]
	at org.yaml.snakeyaml.composer.Composer.composeDocument(Composer.java:122) ~[snakeyaml-1.19.jar:na]
	at org.yaml.snakeyaml.composer.Composer.getNode(Composer.java:84) ~[snakeyaml-1.19.jar:na]
	at org.yaml.snakeyaml.constructor.BaseConstructor.getData(BaseConstructor.java:123) ~[snakeyaml-1.19.jar:na]
	at org.yaml.snakeyaml.Yaml$1.next(Yaml.java:547) ~[snakeyaml-1.19.jar:na]
	at org.springframework.beans.factory.config.YamlProcessor.process(YamlProcessor.java:166) ~[spring-beans-5.0.9.RELEASE.jar:5.0.9.RELEASE]
	at org.springframework.beans.factory.config.YamlProcessor.process(YamlProcessor.java:139) ~[spring-beans-5.0.9.RELEASE.jar:5.0.9.RELEASE]
	at org.springframework.boot.env.OriginTrackedYamlLoader.load(OriginTrackedYamlLoader.java:75) ~[spring-boot-2.0.5.RELEASE.jar:2.0.5.RELEASE]
	at org.springframework.boot.env.YamlPropertySourceLoader.load(YamlPropertySourceLoader.java:50) ~[spring-boot-2.0.5.RELEASE.jar:2.0.5.RELEASE]
	at org.springframework.boot.context.config.ConfigFileApplicationListener$Loader.loadDocuments(ConfigFileApplicationListener.java:570) ~[spring-boot-2.0.5.RELEASE.jar:2.0.5.RELEASE]
	at org.springframework.boot.context.config.ConfigFileApplicationListener$Loader.load(ConfigFileApplicationListener.java:526) ~[spring-boot-2.0.5.RELEASE.jar:2.0.5.RELEASE]
	... 28 common frames omitted

2018-10-25 01:45:09.527  INFO 196 --- [restartedMain] com.xd.WaterApplication                  : Starting WaterApplication on DESKTOP-U7815GB with PID 196 (C:\Users\xiaoduan\IdeaProjects\water\target\classes started by xiaoduan in C:\Users\xiaoduan\IdeaProjects\water)
2018-10-25 01:45:09.527  INFO 196 --- [restartedMain] com.xd.WaterApplication                  : No active profile set, falling back to default profiles: default
2018-10-25 01:45:09.529  INFO 196 --- [restartedMain] ConfigServletWebServerApplicationContext : Refreshing org.springframework.boot.web.servlet.context.AnnotationConfigServletWebServerApplicationContext@30a54d83: startup date [Thu Oct 25 01:45:09 CST 2018]; root of context hierarchy
2018-10-25 01:45:09.952  INFO 196 --- [restartedMain] o.s.b.w.embedded.tomcat.TomcatWebServer  : Tomcat initialized with port(s): 8080 (http)
2018-10-25 01:45:09.953  INFO 196 --- [restartedMain] o.apache.catalina.core.StandardService   : Starting service [Tomcat]
2018-10-25 01:45:09.953  INFO 196 --- [restartedMain] org.apache.catalina.core.StandardEngine  : Starting Servlet Engine: Apache Tomcat/8.5.34
2018-10-25 01:45:09.974  INFO 196 --- [localhost-startStop-1] o.a.c.c.C.[Tomcat-7].[localhost].[/]     : Initializing Spring embedded WebApplicationContext
2018-10-25 01:45:09.975  INFO 196 --- [localhost-startStop-1] o.s.web.context.ContextLoader            : Root WebApplicationContext: initialization completed in 446 ms
2018-10-25 01:45:09.988  INFO 196 --- [localhost-startStop-1] o.s.b.w.servlet.ServletRegistrationBean  : Servlet dispatcherServlet mapped to [/]
2018-10-25 01:45:09.988  INFO 196 --- [localhost-startStop-1] o.s.b.w.servlet.FilterRegistrationBean   : Mapping filter: 'characterEncodingFilter' to: [/*]
2018-10-25 01:45:09.988  INFO 196 --- [localhost-startStop-1] o.s.b.w.servlet.FilterRegistrationBean   : Mapping filter: 'hiddenHttpMethodFilter' to: [/*]
2018-10-25 01:45:09.988  INFO 196 --- [localhost-startStop-1] o.s.b.w.servlet.FilterRegistrationBean   : Mapping filter: 'httpPutFormContentFilter' to: [/*]
2018-10-25 01:45:09.988  INFO 196 --- [localhost-startStop-1] o.s.b.w.servlet.FilterRegistrationBean   : Mapping filter: 'requestContextFilter' to: [/*]
2018-10-25 01:45:10.308  INFO 196 --- [restartedMain] o.s.w.s.handler.SimpleUrlHandlerMapping  : Mapped URL path [/**/favicon.ico] onto handler of type [class org.springframework.web.servlet.resource.ResourceHttpRequestHandler]
2018-10-25 01:45:10.399  INFO 196 --- [restartedMain] s.w.s.m.m.a.RequestMappingHandlerAdapter : Looking for @ControllerAdvice: org.springframework.boot.web.servlet.context.AnnotationConfigServletWebServerApplicationContext@30a54d83: startup date [Thu Oct 25 01:45:09 CST 2018]; root of context hierarchy
2018-10-25 01:45:10.417  INFO 196 --- [restartedMain] s.w.s.m.m.a.RequestMappingHandlerMapping : Mapped "{[/syArea/insert]}" onto public java.lang.String com.xd.controller.SyAreaController.insert(com.xd.entity.SyArea,java.util.Map<java.lang.String, java.lang.Object>)
2018-10-25 01:45:10.440  INFO 196 --- [restartedMain] s.w.s.m.m.a.RequestMappingHandlerMapping : Mapped "{[/syArea/update]}" onto public java.lang.String com.xd.controller.SyAreaController.updateByPrimaryKeySelective(com.xd.entity.SyArea,java.util.Map<java.lang.String, java.lang.Object>)
2018-10-25 01:45:10.441  INFO 196 --- [restartedMain] s.w.s.m.m.a.RequestMappingHandlerMapping : Mapped "{[/syArea/selectById]}" onto public java.lang.String com.xd.controller.SyAreaController.selectById(java.lang.Integer,java.util.Map<java.lang.String, java.lang.Object>)
2018-10-25 01:45:10.441  INFO 196 --- [restartedMain] s.w.s.m.m.a.RequestMappingHandlerMapping : Mapped "{[/syArea/updateDel]}" onto public org.springframework.web.servlet.ModelAndView com.xd.controller.SyAreaController.updateDel(com.xd.entity.SyArea)
2018-10-25 01:45:10.442  INFO 196 --- [restartedMain] s.w.s.m.m.a.RequestMappingHandlerMapping : Mapped "{[/syArea/selectAll]}" onto public java.lang.String com.xd.controller.SyAreaController.selectAll(java.util.Map<java.lang.String, java.lang.Object>)
2018-10-25 01:45:10.443  INFO 196 --- [restartedMain] s.w.s.m.m.a.RequestMappingHandlerMapping : Mapped "{[/syDept/update]}" onto public java.lang.String com.xd.controller.SyDeptController.update(com.xd.entity.SyDept,java.util.Map<java.lang.String, java.lang.Object>)
2018-10-25 01:45:10.443  INFO 196 --- [restartedMain] s.w.s.m.m.a.RequestMappingHandlerMapping : Mapped "{[/syDept/insert]}" onto public java.lang.String com.xd.controller.SyDeptController.insert(com.xd.entity.SyDept,java.util.Map<java.lang.String, java.lang.Object>)
2018-10-25 01:45:10.444  INFO 196 --- [restartedMain] s.w.s.m.m.a.RequestMappingHandlerMapping : Mapped "{[/syDept/selectById]}" onto public java.lang.String com.xd.controller.SyDeptController.selectById(java.lang.Integer,java.util.Map<java.lang.String, java.lang.Object>)
2018-10-25 01:45:10.444  INFO 196 --- [restartedMain] s.w.s.m.m.a.RequestMappingHandlerMapping : Mapped "{[/syDept/updateDel]}" onto public org.springframework.web.servlet.ModelAndView com.xd.controller.SyDeptController.updateDel(com.xd.entity.SyDept)
2018-10-25 01:45:10.445  INFO 196 --- [restartedMain] s.w.s.m.m.a.RequestMappingHandlerMapping : Mapped "{[/syDept/selectAll]}" onto public java.lang.String com.xd.controller.SyDeptController.selectAll(java.util.Map<java.lang.String, java.lang.Object>)
2018-10-25 01:45:10.445  INFO 196 --- [restartedMain] s.w.s.m.m.a.RequestMappingHandlerMapping : Mapped "{[/syEmp/login]}" onto public java.lang.String com.xd.controller.SyEmpController.login(com.xd.entity.SyEmp,java.util.Map<java.lang.String, java.lang.Object>,javax.servlet.http.HttpServletRequest)
2018-10-25 01:45:10.445  INFO 196 --- [restartedMain] s.w.s.m.m.a.RequestMappingHandlerMapping : Mapped "{[/syEmp/loginOut]}" onto public org.springframework.web.servlet.ModelAndView com.xd.controller.SyEmpController.loginOut(javax.servlet.http.HttpServletRequest)
2018-10-25 01:45:10.446  INFO 196 --- [restartedMain] s.w.s.m.m.a.RequestMappingHandlerMapping : Mapped "{[/syEmp/updatePwd]}" onto public java.lang.String com.xd.controller.SyEmpController.updatePwd(javax.servlet.http.HttpServletRequest,com.xd.entity.SyEmp,java.util.Map<java.lang.String, java.lang.Object>,java.lang.String) throws java.lang.Exception
2018-10-25 01:45:10.446  INFO 196 --- [restartedMain] s.w.s.m.m.a.RequestMappingHandlerMapping : Mapped "{[/syMetertype/update]}" onto public java.lang.String com.xd.controller.SyMetertypeController.update(com.xd.entity.SyMetertype,java.util.Map<java.lang.String, java.lang.Object>)
2018-10-25 01:45:10.447  INFO 196 --- [restartedMain] s.w.s.m.m.a.RequestMappingHandlerMapping : Mapped "{[/syMetertype/insert]}" onto public java.lang.String com.xd.controller.SyMetertypeController.insert(com.xd.entity.SyMetertype,java.util.Map<java.lang.String, java.lang.Object>)
2018-10-25 01:45:10.447  INFO 196 --- [restartedMain] s.w.s.m.m.a.RequestMappingHandlerMapping : Mapped "{[/syMetertype/selectById]}" onto public java.lang.String com.xd.controller.SyMetertypeController.selectById(java.lang.Integer,java.util.Map<java.lang.String, java.lang.Object>)
2018-10-25 01:45:10.447  INFO 196 --- [restartedMain] s.w.s.m.m.a.RequestMappingHandlerMapping : Mapped "{[/syMetertype/updateDel]}" onto public org.springframework.web.servlet.ModelAndView com.xd.controller.SyMetertypeController.updateDel(com.xd.entity.SyMetertype)
2018-10-25 01:45:10.448  INFO 196 --- [restartedMain] s.w.s.m.m.a.RequestMappingHandlerMapping : Mapped "{[/syMetertype/selectAll]}" onto public java.lang.String com.xd.controller.SyMetertypeController.selectAll(java.util.Map<java.lang.String, java.lang.Object>)
2018-10-25 01:45:10.448  INFO 196 --- [restartedMain] s.w.s.m.m.a.RequestMappingHandlerMapping : Mapped "{[/templates]}" onto public java.lang.String com.xd.controller.TemplatesController.templates(java.lang.String)
2018-10-25 01:45:10.451  INFO 196 --- [restartedMain] s.w.s.m.m.a.RequestMappingHandlerMapping : Mapped "{[/error]}" onto public org.springframework.http.ResponseEntity<java.util.Map<java.lang.String, java.lang.Object>> org.springframework.boot.autoconfigure.web.servlet.error.BasicErrorController.error(javax.servlet.http.HttpServletRequest)
2018-10-25 01:45:10.451  INFO 196 --- [restartedMain] s.w.s.m.m.a.RequestMappingHandlerMapping : Mapped "{[/error],produces=[text/html]}" onto public org.springframework.web.servlet.ModelAndView org.springframework.boot.autoconfigure.web.servlet.error.BasicErrorController.errorHtml(javax.servlet.http.HttpServletRequest,javax.servlet.http.HttpServletResponse)
2018-10-25 01:45:10.474  INFO 196 --- [restartedMain] o.s.w.s.handler.SimpleUrlHandlerMapping  : Mapped URL path [/index.html] onto handler of type [class org.springframework.web.servlet.mvc.ParameterizableViewController]
2018-10-25 01:45:10.479  INFO 196 --- [restartedMain] o.s.w.s.handler.SimpleUrlHandlerMapping  : Mapped URL path [/webjars/**] onto handler of type [class org.springframework.web.servlet.resource.ResourceHttpRequestHandler]
2018-10-25 01:45:10.480  INFO 196 --- [restartedMain] o.s.w.s.handler.SimpleUrlHandlerMapping  : Mapped URL path [/static/**] onto handler of type [class org.springframework.web.servlet.resource.ResourceHttpRequestHandler]
2018-10-25 01:45:10.562  INFO 196 --- [restartedMain] o.s.b.a.w.s.WelcomePageHandlerMapping    : Adding welcome page template: index
2018-10-25 01:45:10.794  INFO 196 --- [restartedMain] o.s.b.d.a.OptionalLiveReloadServer       : LiveReload server is running on port 35729
2018-10-25 01:45:10.827  INFO 196 --- [restartedMain] o.s.j.e.a.AnnotationMBeanExporter        : Registering beans for JMX exposure on startup
2018-10-25 01:45:10.828  INFO 196 --- [restartedMain] o.s.j.e.a.AnnotationMBeanExporter        : Bean with name 'getDataSource' has been autodetected for JMX exposure
2018-10-25 01:45:10.831  INFO 196 --- [restartedMain] o.s.j.e.a.AnnotationMBeanExporter        : Located MBean 'getDataSource': registering with JMX server as MBean [com.alibaba.druid.pool:name=getDataSource,type=DruidDataSource]
2018-10-25 01:45:10.846  INFO 196 --- [restartedMain] o.s.b.w.embedded.tomcat.TomcatWebServer  : Tomcat started on port(s): 8080 (http) with context path ''
2018-10-25 01:45:10.846  INFO 196 --- [restartedMain] com.xd.WaterApplication                  : Started WaterApplication in 1.35 seconds (JVM running for 4760.825)
2018-10-25 01:45:10.849  INFO 196 --- [restartedMain] .ConditionEvaluationDeltaLoggingListener : Condition evaluation unchanged
2018-10-25 01:45:18.261  INFO 196 --- [Thread-707] ConfigServletWebServerApplicationContext : Closing org.springframework.boot.web.servlet.context.AnnotationConfigServletWebServerApplicationContext@30a54d83: startup date [Thu Oct 25 01:45:09 CST 2018]; root of context hierarchy
2018-10-25 01:45:18.264  INFO 196 --- [Thread-707] o.s.j.e.a.AnnotationMBeanExporter        : Unregistering JMX-exposed beans on shutdown
2018-10-25 01:45:18.265  INFO 196 --- [Thread-707] o.s.j.e.a.AnnotationMBeanExporter        : Unregistering JMX-exposed beans
