2018-10-25 01:39:39.176  INFO 196 --- [restartedMain] com.xd.WaterApplication                  : Starting WaterApplication on DESKTOP-U7815GB with PID 196 (C:\Users\xiaoduan\IdeaProjects\water\target\classes started by xiaoduan in C:\Users\xiaoduan\IdeaProjects\water)
2018-10-25 01:39:39.176  INFO 196 --- [restartedMain] com.xd.WaterApplication                  : No active profile set, falling back to default profiles: default
2018-10-25 01:39:39.183  INFO 196 --- [restartedMain] ConfigServletWebServerApplicationContext : Refreshing org.springframework.boot.web.servlet.context.AnnotationConfigServletWebServerApplicationContext@72e3cd2f: startup date [Thu Oct 25 01:39:39 CST 2018]; root of context hierarchy
2018-10-25 01:39:39.641  INFO 196 --- [restartedMain] o.s.b.w.embedded.tomcat.TomcatWebServer  : Tomcat initialized with port(s): 8080 (http)
2018-10-25 01:39:39.644  INFO 196 --- [restartedMain] o.apache.catalina.core.StandardService   : Starting service [Tomcat]
2018-10-25 01:39:39.644  INFO 196 --- [restartedMain] org.apache.catalina.core.StandardEngine  : Starting Servlet Engine: Apache Tomcat/8.5.34
2018-10-25 01:39:39.664  INFO 196 --- [localhost-startStop-1] o.a.c.c.C.[Tomcat-7].[localhost].[/]     : Initializing Spring embedded WebApplicationContext
2018-10-25 01:39:39.665  INFO 196 --- [localhost-startStop-1] o.s.web.context.ContextLoader            : Root WebApplicationContext: initialization completed in 482 ms
2018-10-25 01:39:39.694  INFO 196 --- [localhost-startStop-1] o.s.b.w.servlet.ServletRegistrationBean  : Servlet dispatcherServlet mapped to [/]
2018-10-25 01:39:39.694  INFO 196 --- [localhost-startStop-1] o.s.b.w.servlet.FilterRegistrationBean   : Mapping filter: 'characterEncodingFilter' to: [/*]
2018-10-25 01:39:39.695  INFO 196 --- [localhost-startStop-1] o.s.b.w.servlet.FilterRegistrationBean   : Mapping filter: 'hiddenHttpMethodFilter' to: [/*]
2018-10-25 01:39:39.695  INFO 196 --- [localhost-startStop-1] o.s.b.w.servlet.FilterRegistrationBean   : Mapping filter: 'httpPutFormContentFilter' to: [/*]
2018-10-25 01:39:39.695  INFO 196 --- [localhost-startStop-1] o.s.b.w.servlet.FilterRegistrationBean   : Mapping filter: 'requestContextFilter' to: [/*]
2018-10-25 01:39:39.987  INFO 196 --- [restartedMain] o.s.w.s.handler.SimpleUrlHandlerMapping  : Mapped URL path [/**/favicon.ico] onto handler of type [class org.springframework.web.servlet.resource.ResourceHttpRequestHandler]
2018-10-25 01:39:40.015  INFO 196 --- [restartedMain] s.w.s.m.m.a.RequestMappingHandlerAdapter : Looking for @ControllerAdvice: org.springframework.boot.web.servlet.context.AnnotationConfigServletWebServerApplicationContext@72e3cd2f: startup date [Thu Oct 25 01:39:39 CST 2018]; root of context hierarchy
2018-10-25 01:39:40.022  INFO 196 --- [restartedMain] s.w.s.m.m.a.RequestMappingHandlerMapping : Mapped "{[/syArea/insert]}" onto public java.lang.String com.xd.controller.SyAreaController.insert(com.xd.entity.SyArea,java.util.Map<java.lang.String, java.lang.Object>)
2018-10-25 01:39:40.023  INFO 196 --- [restartedMain] s.w.s.m.m.a.RequestMappingHandlerMapping : Mapped "{[/syArea/update]}" onto public java.lang.String com.xd.controller.SyAreaController.updateByPrimaryKeySelective(com.xd.entity.SyArea,java.util.Map<java.lang.String, java.lang.Object>)
2018-10-25 01:39:40.024  INFO 196 --- [restartedMain] s.w.s.m.m.a.RequestMappingHandlerMapping : Mapped "{[/syArea/selectById]}" onto public java.lang.String com.xd.controller.SyAreaController.selectById(java.lang.Integer,java.util.Map<java.lang.String, java.lang.Object>)
2018-10-25 01:39:40.024  INFO 196 --- [restartedMain] s.w.s.m.m.a.RequestMappingHandlerMapping : Mapped "{[/syArea/updateDel]}" onto public org.springframework.web.servlet.ModelAndView com.xd.controller.SyAreaController.updateDel(com.xd.entity.SyArea)
2018-10-25 01:39:40.024  INFO 196 --- [restartedMain] s.w.s.m.m.a.RequestMappingHandlerMapping : Mapped "{[/syArea/selectAll]}" onto public java.lang.String com.xd.controller.SyAreaController.selectAll(java.util.Map<java.lang.String, java.lang.Object>)
2018-10-25 01:39:40.024  INFO 196 --- [restartedMain] s.w.s.m.m.a.RequestMappingHandlerMapping : Mapped "{[/syDept/update]}" onto public java.lang.String com.xd.controller.SyDeptController.update(com.xd.entity.SyDept,java.util.Map<java.lang.String, java.lang.Object>)
2018-10-25 01:39:40.024  INFO 196 --- [restartedMain] s.w.s.m.m.a.RequestMappingHandlerMapping : Mapped "{[/syDept/insert]}" onto public java.lang.String com.xd.controller.SyDeptController.insert(com.xd.entity.SyDept,java.util.Map<java.lang.String, java.lang.Object>)
2018-10-25 01:39:40.025  INFO 196 --- [restartedMain] s.w.s.m.m.a.RequestMappingHandlerMapping : Mapped "{[/syDept/selectById]}" onto public java.lang.String com.xd.controller.SyDeptController.selectById(java.lang.Integer,java.util.Map<java.lang.String, java.lang.Object>)
2018-10-25 01:39:40.025  INFO 196 --- [restartedMain] s.w.s.m.m.a.RequestMappingHandlerMapping : Mapped "{[/syDept/updateDel]}" onto public org.springframework.web.servlet.ModelAndView com.xd.controller.SyDeptController.updateDel(com.xd.entity.SyDept)
2018-10-25 01:39:40.026  INFO 196 --- [restartedMain] s.w.s.m.m.a.RequestMappingHandlerMapping : Mapped "{[/syDept/selectAll]}" onto public java.lang.String com.xd.controller.SyDeptController.selectAll(java.util.Map<java.lang.String, java.lang.Object>)
2018-10-25 01:39:40.026  INFO 196 --- [restartedMain] s.w.s.m.m.a.RequestMappingHandlerMapping : Mapped "{[/syEmp/login]}" onto public java.lang.String com.xd.controller.SyEmpController.login(com.xd.entity.SyEmp,java.util.Map<java.lang.String, java.lang.Object>,javax.servlet.http.HttpServletRequest)
2018-10-25 01:39:40.026  INFO 196 --- [restartedMain] s.w.s.m.m.a.RequestMappingHandlerMapping : Mapped "{[/syEmp/loginOut]}" onto public org.springframework.web.servlet.ModelAndView com.xd.controller.SyEmpController.loginOut(javax.servlet.http.HttpServletRequest)
2018-10-25 01:39:40.026  INFO 196 --- [restartedMain] s.w.s.m.m.a.RequestMappingHandlerMapping : Mapped "{[/syEmp/updatePwd]}" onto public java.lang.String com.xd.controller.SyEmpController.updatePwd(javax.servlet.http.HttpServletRequest,com.xd.entity.SyEmp,java.util.Map<java.lang.String, java.lang.Object>,java.lang.String) throws java.lang.Exception
2018-10-25 01:39:40.027  INFO 196 --- [restartedMain] s.w.s.m.m.a.RequestMappingHandlerMapping : Mapped "{[/syMetertype/update]}" onto public java.lang.String com.xd.controller.SyMetertypeController.update(com.xd.entity.SyMetertype,java.util.Map<java.lang.String, java.lang.Object>)
2018-10-25 01:39:40.027  INFO 196 --- [restartedMain] s.w.s.m.m.a.RequestMappingHandlerMapping : Mapped "{[/syMetertype/insert]}" onto public java.lang.String com.xd.controller.SyMetertypeController.insert(com.xd.entity.SyMetertype,java.util.Map<java.lang.String, java.lang.Object>)
2018-10-25 01:39:40.027  INFO 196 --- [restartedMain] s.w.s.m.m.a.RequestMappingHandlerMapping : Mapped "{[/syMetertype/selectById]}" onto public java.lang.String com.xd.controller.SyMetertypeController.selectById(java.lang.Integer,java.util.Map<java.lang.String, java.lang.Object>)
2018-10-25 01:39:40.027  INFO 196 --- [restartedMain] s.w.s.m.m.a.RequestMappingHandlerMapping : Mapped "{[/syMetertype/updateDel]}" onto public org.springframework.web.servlet.ModelAndView com.xd.controller.SyMetertypeController.updateDel(com.xd.entity.SyMetertype)
2018-10-25 01:39:40.028  INFO 196 --- [restartedMain] s.w.s.m.m.a.RequestMappingHandlerMapping : Mapped "{[/syMetertype/selectAll]}" onto public java.lang.String com.xd.controller.SyMetertypeController.selectAll(java.util.Map<java.lang.String, java.lang.Object>)
2018-10-25 01:39:40.028  INFO 196 --- [restartedMain] s.w.s.m.m.a.RequestMappingHandlerMapping : Mapped "{[/templates]}" onto public java.lang.String com.xd.controller.TemplatesController.templates(java.lang.String)
2018-10-25 01:39:40.029  INFO 196 --- [restartedMain] s.w.s.m.m.a.RequestMappingHandlerMapping : Mapped "{[/error]}" onto public org.springframework.http.ResponseEntity<java.util.Map<java.lang.String, java.lang.Object>> org.springframework.boot.autoconfigure.web.servlet.error.BasicErrorController.error(javax.servlet.http.HttpServletRequest)
2018-10-25 01:39:40.030  INFO 196 --- [restartedMain] s.w.s.m.m.a.RequestMappingHandlerMapping : Mapped "{[/error],produces=[text/html]}" onto public org.springframework.web.servlet.ModelAndView org.springframework.boot.autoconfigure.web.servlet.error.BasicErrorController.errorHtml(javax.servlet.http.HttpServletRequest,javax.servlet.http.HttpServletResponse)
2018-10-25 01:39:40.034  INFO 196 --- [restartedMain] o.s.w.s.handler.SimpleUrlHandlerMapping  : Mapped URL path [/index.html] onto handler of type [class org.springframework.web.servlet.mvc.ParameterizableViewController]
2018-10-25 01:39:40.036  INFO 196 --- [restartedMain] o.s.w.s.handler.SimpleUrlHandlerMapping  : Mapped URL path [/webjars/**] onto handler of type [class org.springframework.web.servlet.resource.ResourceHttpRequestHandler]
2018-10-25 01:39:40.036  INFO 196 --- [restartedMain] o.s.w.s.handler.SimpleUrlHandlerMapping  : Mapped URL path [/static/**] onto handler of type [class org.springframework.web.servlet.resource.ResourceHttpRequestHandler]
2018-10-25 01:39:40.057  INFO 196 --- [restartedMain] o.s.b.a.w.s.WelcomePageHandlerMapping    : Adding welcome page template: index
2018-10-25 01:39:40.197  INFO 196 --- [restartedMain] o.s.b.d.a.OptionalLiveReloadServer       : LiveReload server is running on port 35729
2018-10-25 01:39:40.256  INFO 196 --- [restartedMain] o.s.j.e.a.AnnotationMBeanExporter        : Registering beans for JMX exposure on startup
2018-10-25 01:39:40.256  INFO 196 --- [restartedMain] o.s.j.e.a.AnnotationMBeanExporter        : Bean with name 'getDataSource' has been autodetected for JMX exposure
2018-10-25 01:39:40.272  INFO 196 --- [restartedMain] o.s.j.e.a.AnnotationMBeanExporter        : Located MBean 'getDataSource': registering with JMX server as MBean [com.alibaba.druid.pool:name=getDataSource,type=DruidDataSource]
2018-10-25 01:39:40.316  INFO 196 --- [restartedMain] o.s.b.w.embedded.tomcat.TomcatWebServer  : Tomcat started on port(s): 8080 (http) with context path ''
2018-10-25 01:39:40.322  INFO 196 --- [restartedMain] com.xd.WaterApplication                  : Started WaterApplication in 1.192 seconds (JVM running for 4430.301)
2018-10-25 01:39:40.326  INFO 196 --- [restartedMain] .ConditionEvaluationDeltaLoggingListener : Condition evaluation unchanged
2018-10-25 01:39:50.282  INFO 196 --- [Thread-671] ConfigServletWebServerApplicationContext : Closing org.springframework.boot.web.servlet.context.AnnotationConfigServletWebServerApplicationContext@72e3cd2f: startup date [Thu Oct 25 01:39:39 CST 2018]; root of context hierarchy
2018-10-25 01:39:50.284  INFO 196 --- [Thread-671] o.s.j.e.a.AnnotationMBeanExporter        : Unregistering JMX-exposed beans on shutdown
2018-10-25 01:39:50.284  INFO 196 --- [Thread-671] o.s.j.e.a.AnnotationMBeanExporter        : Unregistering JMX-exposed beans
